{"/project/sandbox/user-workspace/blackboxai-1742671172553/eduapp/backend/src/config/config.ts": {"path":"/project/sandbox/user-workspace/blackboxai-1742671172553/eduapp/backend/src/config/config.ts","statementMap":{"0":{"start":{"line":1,"column":0},"end":{"line":1,"column":28}},"1":{"start":{"line":2,"column":0},"end":{"line":2,"column":24}},"2":{"start":{"line":5,"column":0},"end":{"line":5,"column":60}},"3":{"start":{"line":7,"column":13},"end":{"line":19,"column":2}},"4":{"start":{"line":21,"column":0},"end":{"line":21,"column":22}}},"fnMap":{},"branchMap":{"0":{"loc":{"start":{"line":8,"column":8},"end":{"line":8,"column":32}},"type":"binary-expr","locations":[{"start":{"line":8,"column":8},"end":{"line":8,"column":24}},{"start":{"line":8,"column":28},"end":{"line":8,"column":32}}]},"1":{"loc":{"start":{"line":10,"column":9},"end":{"line":10,"column":65}},"type":"binary-expr","locations":[{"start":{"line":10,"column":9},"end":{"line":10,"column":32}},{"start":{"line":10,"column":36},"end":{"line":10,"column":65}}]},"2":{"loc":{"start":{"line":11,"column":14},"end":{"line":11,"column":55}},"type":"binary-expr","locations":[{"start":{"line":11,"column":14},"end":{"line":11,"column":42}},{"start":{"line":11,"column":46},"end":{"line":11,"column":55}}]},"3":{"loc":{"start":{"line":12,"column":14},"end":{"line":12,"column":59}},"type":"binary-expr","locations":[{"start":{"line":12,"column":14},"end":{"line":12,"column":42}},{"start":{"line":12,"column":46},"end":{"line":12,"column":59}}]},"4":{"loc":{"start":{"line":13,"column":12},"end":{"line":13,"column":43}},"type":"binary-expr","locations":[{"start":{"line":13,"column":12},"end":{"line":13,"column":31}},{"start":{"line":13,"column":35},"end":{"line":13,"column":43}}]},"5":{"loc":{"start":{"line":16,"column":12},"end":{"line":16,"column":62}},"type":"binary-expr","locations":[{"start":{"line":16,"column":12},"end":{"line":16,"column":35}},{"start":{"line":16,"column":39},"end":{"line":16,"column":62}}]}},"s":{"0":3,"1":3,"2":3,"3":3,"4":3},"f":{},"b":{"0":[3,0],"1":[3,0],"2":[3,0],"3":[3,0],"4":[3,0],"5":[3,0]}}
,"/project/sandbox/user-workspace/blackboxai-1742671172553/eduapp/backend/src/config/logger.ts": {"path":"/project/sandbox/user-workspace/blackboxai-1742671172553/eduapp/backend/src/config/logger.ts","statementMap":{"0":{"start":{"line":1,"column":0},"end":{"line":1,"column":30}},"1":{"start":{"line":2,"column":0},"end":{"line":2,"column":24}},"2":{"start":{"line":5,"column":16},"end":{"line":5,"column":50}},"3":{"start":{"line":7,"column":15},"end":{"line":28,"column":2}},"4":{"start":{"line":31,"column":0},"end":{"line":38,"column":1}},"5":{"start":{"line":32,"column":2},"end":{"line":37,"column":6}},"6":{"start":{"line":40,"column":0},"end":{"line":40,"column":22}}},"fnMap":{},"branchMap":{"0":{"loc":{"start":{"line":31,"column":0},"end":{"line":38,"column":1}},"type":"if","locations":[{"start":{"line":31,"column":0},"end":{"line":38,"column":1}}]}},"s":{"0":0,"1":0,"2":0,"3":0,"4":0,"5":0,"6":0},"f":{},"b":{"0":[0]}}
,"/project/sandbox/user-workspace/blackboxai-1742671172553/eduapp/backend/src/graphql/resolvers.ts": {"path":"/project/sandbox/user-workspace/blackboxai-1742671172553/eduapp/backend/src/graphql/resolvers.ts","statementMap":{"0":{"start":{"line":2,"column":0},"end":{"line":2,"column":38}},"1":{"start":{"line":4,"column":18},"end":{"line":174,"column":2}},"2":{"start":{"line":8,"column":6},"end":{"line":14,"column":7}},"3":{"start":{"line":10,"column":8},"end":{"line":10,"column":18}},"4":{"start":{"line":12,"column":8},"end":{"line":12,"column":58}},"5":{"start":{"line":13,"column":8},"end":{"line":13,"column":54}},"6":{"start":{"line":18,"column":6},"end":{"line":24,"column":7}},"7":{"start":{"line":20,"column":8},"end":{"line":20,"column":20}},"8":{"start":{"line":22,"column":8},"end":{"line":22,"column":63}},"9":{"start":{"line":23,"column":8},"end":{"line":23,"column":53}},"10":{"start":{"line":29,"column":6},"end":{"line":35,"column":7}},"11":{"start":{"line":31,"column":8},"end":{"line":31,"column":18}},"12":{"start":{"line":33,"column":8},"end":{"line":33,"column":59}},"13":{"start":{"line":34,"column":8},"end":{"line":34,"column":55}},"14":{"start":{"line":39,"column":6},"end":{"line":45,"column":7}},"15":{"start":{"line":41,"column":8},"end":{"line":41,"column":20}},"16":{"start":{"line":43,"column":8},"end":{"line":43,"column":63}},"17":{"start":{"line":44,"column":8},"end":{"line":44,"column":53}},"18":{"start":{"line":50,"column":6},"end":{"line":56,"column":7}},"19":{"start":{"line":52,"column":8},"end":{"line":52,"column":18}},"20":{"start":{"line":54,"column":8},"end":{"line":54,"column":53}},"21":{"start":{"line":55,"column":8},"end":{"line":55,"column":49}},"22":{"start":{"line":60,"column":6},"end":{"line":66,"column":7}},"23":{"start":{"line":62,"column":8},"end":{"line":62,"column":20}},"24":{"start":{"line":64,"column":8},"end":{"line":64,"column":58}},"25":{"start":{"line":65,"column":8},"end":{"line":65,"column":48}},"26":{"start":{"line":70,"column":6},"end":{"line":76,"column":7}},"27":{"start":{"line":72,"column":8},"end":{"line":72,"column":18}},"28":{"start":{"line":74,"column":8},"end":{"line":74,"column":67}},"29":{"start":{"line":75,"column":8},"end":{"line":75,"column":56}},"30":{"start":{"line":83,"column":6},"end":{"line":89,"column":7}},"31":{"start":{"line":85,"column":8},"end":{"line":85,"column":20}},"32":{"start":{"line":87,"column":8},"end":{"line":87,"column":57}},"33":{"start":{"line":88,"column":8},"end":{"line":88,"column":54}},"34":{"start":{"line":93,"column":6},"end":{"line":99,"column":7}},"35":{"start":{"line":95,"column":8},"end":{"line":95,"column":20}},"36":{"start":{"line":97,"column":8},"end":{"line":97,"column":63}},"37":{"start":{"line":98,"column":8},"end":{"line":98,"column":54}},"38":{"start":{"line":103,"column":6},"end":{"line":109,"column":7}},"39":{"start":{"line":105,"column":8},"end":{"line":105,"column":20}},"40":{"start":{"line":107,"column":8},"end":{"line":107,"column":63}},"41":{"start":{"line":108,"column":8},"end":{"line":108,"column":54}},"42":{"start":{"line":114,"column":6},"end":{"line":120,"column":7}},"43":{"start":{"line":116,"column":8},"end":{"line":116,"column":20}},"44":{"start":{"line":118,"column":8},"end":{"line":118,"column":57}},"45":{"start":{"line":119,"column":8},"end":{"line":119,"column":54}},"46":{"start":{"line":124,"column":6},"end":{"line":130,"column":7}},"47":{"start":{"line":126,"column":8},"end":{"line":126,"column":20}},"48":{"start":{"line":128,"column":8},"end":{"line":128,"column":63}},"49":{"start":{"line":129,"column":8},"end":{"line":129,"column":54}},"50":{"start":{"line":134,"column":6},"end":{"line":140,"column":7}},"51":{"start":{"line":136,"column":8},"end":{"line":136,"column":20}},"52":{"start":{"line":138,"column":8},"end":{"line":138,"column":63}},"53":{"start":{"line":139,"column":8},"end":{"line":139,"column":54}},"54":{"start":{"line":145,"column":6},"end":{"line":151,"column":7}},"55":{"start":{"line":147,"column":8},"end":{"line":147,"column":20}},"56":{"start":{"line":149,"column":8},"end":{"line":149,"column":52}},"57":{"start":{"line":150,"column":8},"end":{"line":150,"column":49}},"58":{"start":{"line":155,"column":6},"end":{"line":161,"column":7}},"59":{"start":{"line":157,"column":8},"end":{"line":157,"column":20}},"60":{"start":{"line":159,"column":8},"end":{"line":159,"column":58}},"61":{"start":{"line":160,"column":8},"end":{"line":160,"column":49}},"62":{"start":{"line":165,"column":6},"end":{"line":171,"column":7}},"63":{"start":{"line":167,"column":8},"end":{"line":167,"column":20}},"64":{"start":{"line":169,"column":8},"end":{"line":169,"column":58}},"65":{"start":{"line":170,"column":8},"end":{"line":170,"column":49}},"66":{"start":{"line":176,"column":0},"end":{"line":176,"column":25}}},"fnMap":{"0":{"name":"(anonymous_1)","decl":{"start":{"line":7,"column":16},"end":{"line":7,"column":21}},"loc":{"start":{"line":7,"column":110},"end":{"line":15,"column":5}}},"1":{"name":"(anonymous_2)","decl":{"start":{"line":17,"column":15},"end":{"line":17,"column":20}},"loc":{"start":{"line":17,"column":74},"end":{"line":25,"column":5}}},"2":{"name":"(anonymous_3)","decl":{"start":{"line":28,"column":17},"end":{"line":28,"column":22}},"loc":{"start":{"line":28,"column":111},"end":{"line":36,"column":5}}},"3":{"name":"(anonymous_4)","decl":{"start":{"line":38,"column":15},"end":{"line":38,"column":20}},"loc":{"start":{"line":38,"column":74},"end":{"line":46,"column":5}}},"4":{"name":"(anonymous_5)","decl":{"start":{"line":49,"column":11},"end":{"line":49,"column":16}},"loc":{"start":{"line":49,"column":105},"end":{"line":57,"column":5}}},"5":{"name":"(anonymous_6)","decl":{"start":{"line":59,"column":10},"end":{"line":59,"column":15}},"loc":{"start":{"line":59,"column":69},"end":{"line":67,"column":5}}},"6":{"name":"(anonymous_7)","decl":{"start":{"line":69,"column":16},"end":{"line":69,"column":21}},"loc":{"start":{"line":69,"column":128},"end":{"line":77,"column":5}}},"7":{"name":"(anonymous_8)","decl":{"start":{"line":82,"column":21},"end":{"line":82,"column":26}},"loc":{"start":{"line":82,"column":72},"end":{"line":90,"column":5}}},"8":{"name":"(anonymous_9)","decl":{"start":{"line":92,"column":21},"end":{"line":92,"column":26}},"loc":{"start":{"line":92,"column":76},"end":{"line":100,"column":5}}},"9":{"name":"(anonymous_10)","decl":{"start":{"line":102,"column":21},"end":{"line":102,"column":26}},"loc":{"start":{"line":102,"column":80},"end":{"line":110,"column":5}}},"10":{"name":"(anonymous_11)","decl":{"start":{"line":113,"column":21},"end":{"line":113,"column":26}},"loc":{"start":{"line":113,"column":72},"end":{"line":121,"column":5}}},"11":{"name":"(anonymous_12)","decl":{"start":{"line":123,"column":21},"end":{"line":123,"column":26}},"loc":{"start":{"line":123,"column":76},"end":{"line":131,"column":5}}},"12":{"name":"(anonymous_13)","decl":{"start":{"line":133,"column":21},"end":{"line":133,"column":26}},"loc":{"start":{"line":133,"column":80},"end":{"line":141,"column":5}}},"13":{"name":"(anonymous_14)","decl":{"start":{"line":144,"column":16},"end":{"line":144,"column":21}},"loc":{"start":{"line":144,"column":67},"end":{"line":152,"column":5}}},"14":{"name":"(anonymous_15)","decl":{"start":{"line":154,"column":16},"end":{"line":154,"column":21}},"loc":{"start":{"line":154,"column":71},"end":{"line":162,"column":5}}},"15":{"name":"(anonymous_16)","decl":{"start":{"line":164,"column":16},"end":{"line":164,"column":21}},"loc":{"start":{"line":164,"column":75},"end":{"line":172,"column":5}}}},"branchMap":{"0":{"loc":{"start":{"line":7,"column":33},"end":{"line":7,"column":41}},"type":"default-arg","locations":[{"start":{"line":7,"column":40},"end":{"line":7,"column":41}}]},"1":{"loc":{"start":{"line":7,"column":43},"end":{"line":7,"column":53}},"type":"default-arg","locations":[{"start":{"line":7,"column":51},"end":{"line":7,"column":53}}]},"2":{"loc":{"start":{"line":28,"column":34},"end":{"line":28,"column":42}},"type":"default-arg","locations":[{"start":{"line":28,"column":41},"end":{"line":28,"column":42}}]},"3":{"loc":{"start":{"line":28,"column":44},"end":{"line":28,"column":54}},"type":"default-arg","locations":[{"start":{"line":28,"column":52},"end":{"line":28,"column":54}}]},"4":{"loc":{"start":{"line":49,"column":28},"end":{"line":49,"column":36}},"type":"default-arg","locations":[{"start":{"line":49,"column":35},"end":{"line":49,"column":36}}]},"5":{"loc":{"start":{"line":49,"column":38},"end":{"line":49,"column":48}},"type":"default-arg","locations":[{"start":{"line":49,"column":46},"end":{"line":49,"column":48}}]},"6":{"loc":{"start":{"line":69,"column":38},"end":{"line":69,"column":46}},"type":"default-arg","locations":[{"start":{"line":69,"column":45},"end":{"line":69,"column":46}}]},"7":{"loc":{"start":{"line":69,"column":48},"end":{"line":69,"column":58}},"type":"default-arg","locations":[{"start":{"line":69,"column":56},"end":{"line":69,"column":58}}]}},"s":{"0":0,"1":0,"2":0,"3":0,"4":0,"5":0,"6":0,"7":0,"8":0,"9":0,"10":0,"11":0,"12":0,"13":0,"14":0,"15":0,"16":0,"17":0,"18":0,"19":0,"20":0,"21":0,"22":0,"23":0,"24":0,"25":0,"26":0,"27":0,"28":0,"29":0,"30":0,"31":0,"32":0,"33":0,"34":0,"35":0,"36":0,"37":0,"38":0,"39":0,"40":0,"41":0,"42":0,"43":0,"44":0,"45":0,"46":0,"47":0,"48":0,"49":0,"50":0,"51":0,"52":0,"53":0,"54":0,"55":0,"56":0,"57":0,"58":0,"59":0,"60":0,"61":0,"62":0,"63":0,"64":0,"65":0,"66":0},"f":{"0":0,"1":0,"2":0,"3":0,"4":0,"5":0,"6":0,"7":0,"8":0,"9":0,"10":0,"11":0,"12":0,"13":0,"14":0,"15":0},"b":{"0":[0],"1":[0],"2":[0],"3":[0],"4":[0],"5":[0],"6":[0],"7":[0]}}
,"/project/sandbox/user-workspace/blackboxai-1742671172553/eduapp/backend/src/graphql/schema.ts": {"path":"/project/sandbox/user-workspace/blackboxai-1742671172553/eduapp/backend/src/graphql/schema.ts","statementMap":{"0":{"start":{"line":1,"column":17},"end":{"line":151,"column":2}},"1":{"start":{"line":153,"column":0},"end":{"line":153,"column":24}}},"fnMap":{},"branchMap":{},"s":{"0":0,"1":0},"f":{},"b":{}}
,"/project/sandbox/user-workspace/blackboxai-1742671172553/eduapp/backend/src/graphql/resolvers/classroom.resolvers.ts": {"path":"/project/sandbox/user-workspace/blackboxai-1742671172553/eduapp/backend/src/graphql/resolvers/classroom.resolvers.ts","statementMap":{"0":{"start":{"line":2,"column":0},"end":{"line":2,"column":64}},"1":{"start":{"line":3,"column":0},"end":{"line":3,"column":41}},"2":{"start":{"line":5,"column":13},"end":{"line":130,"column":2}},"3":{"start":{"line":8,"column":6},"end":{"line":16,"column":7}},"4":{"start":{"line":9,"column":8},"end":{"line":11,"column":9}},"5":{"start":{"line":10,"column":10},"end":{"line":10,"column":53}},"6":{"start":{"line":12,"column":8},"end":{"line":12,"column":50}},"7":{"start":{"line":14,"column":8},"end":{"line":14,"column":59}},"8":{"start":{"line":15,"column":8},"end":{"line":15,"column":20}},"9":{"start":{"line":20,"column":6},"end":{"line":28,"column":7}},"10":{"start":{"line":21,"column":8},"end":{"line":23,"column":9}},"11":{"start":{"line":22,"column":10},"end":{"line":22,"column":53}},"12":{"start":{"line":24,"column":8},"end":{"line":24,"column":56}},"13":{"start":{"line":26,"column":8},"end":{"line":26,"column":60}},"14":{"start":{"line":27,"column":8},"end":{"line":27,"column":20}},"15":{"start":{"line":32,"column":6},"end":{"line":40,"column":7}},"16":{"start":{"line":33,"column":8},"end":{"line":35,"column":9}},"17":{"start":{"line":34,"column":10},"end":{"line":34,"column":53}},"18":{"start":{"line":36,"column":8},"end":{"line":36,"column":71}},"19":{"start":{"line":38,"column":8},"end":{"line":38,"column":62}},"20":{"start":{"line":39,"column":8},"end":{"line":39,"column":20}},"21":{"start":{"line":46,"column":6},"end":{"line":60,"column":7}},"22":{"start":{"line":47,"column":8},"end":{"line":49,"column":9}},"23":{"start":{"line":48,"column":10},"end":{"line":48,"column":53}},"24":{"start":{"line":50,"column":8},"end":{"line":52,"column":9}},"25":{"start":{"line":51,"column":10},"end":{"line":51,"column":68}},"26":{"start":{"line":53,"column":8},"end":{"line":56,"column":11}},"27":{"start":{"line":58,"column":8},"end":{"line":58,"column":68}},"28":{"start":{"line":59,"column":8},"end":{"line":59,"column":20}},"29":{"start":{"line":64,"column":6},"end":{"line":79,"column":7}},"30":{"start":{"line":65,"column":8},"end":{"line":67,"column":9}},"31":{"start":{"line":66,"column":10},"end":{"line":66,"column":53}},"32":{"start":{"line":68,"column":26},"end":{"line":68,"column":60}},"33":{"start":{"line":69,"column":8},"end":{"line":71,"column":9}},"34":{"start":{"line":70,"column":10},"end":{"line":70,"column":49}},"35":{"start":{"line":72,"column":8},"end":{"line":74,"column":9}},"36":{"start":{"line":73,"column":10},"end":{"line":73,"column":44}},"37":{"start":{"line":75,"column":8},"end":{"line":75,"column":56}},"38":{"start":{"line":77,"column":8},"end":{"line":77,"column":68}},"39":{"start":{"line":78,"column":8},"end":{"line":78,"column":20}},"40":{"start":{"line":83,"column":6},"end":{"line":98,"column":7}},"41":{"start":{"line":84,"column":8},"end":{"line":86,"column":9}},"42":{"start":{"line":85,"column":10},"end":{"line":85,"column":53}},"43":{"start":{"line":87,"column":26},"end":{"line":87,"column":60}},"44":{"start":{"line":88,"column":8},"end":{"line":90,"column":9}},"45":{"start":{"line":89,"column":10},"end":{"line":89,"column":49}},"46":{"start":{"line":91,"column":8},"end":{"line":93,"column":9}},"47":{"start":{"line":92,"column":10},"end":{"line":92,"column":44}},"48":{"start":{"line":94,"column":8},"end":{"line":94,"column":49}},"49":{"start":{"line":96,"column":8},"end":{"line":96,"column":68}},"50":{"start":{"line":97,"column":8},"end":{"line":97,"column":20}},"51":{"start":{"line":102,"column":6},"end":{"line":117,"column":7}},"52":{"start":{"line":103,"column":8},"end":{"line":105,"column":9}},"53":{"start":{"line":104,"column":10},"end":{"line":104,"column":53}},"54":{"start":{"line":106,"column":26},"end":{"line":106,"column":60}},"55":{"start":{"line":107,"column":8},"end":{"line":109,"column":9}},"56":{"start":{"line":108,"column":10},"end":{"line":108,"column":49}},"57":{"start":{"line":110,"column":8},"end":{"line":112,"column":9}},"58":{"start":{"line":111,"column":10},"end":{"line":111,"column":44}},"59":{"start":{"line":113,"column":8},"end":{"line":113,"column":67}},"60":{"start":{"line":115,"column":8},"end":{"line":115,"column":76}},"61":{"start":{"line":116,"column":8},"end":{"line":116,"column":20}},"62":{"start":{"line":123,"column":33},"end":{"line":123,"column":50}},"63":{"start":{"line":124,"column":29},"end":{"line":124,"column":48}},"64":{"start":{"line":125,"column":32},"end":{"line":125,"column":56}},"65":{"start":{"line":126,"column":34},"end":{"line":126,"column":57}},"66":{"start":{"line":127,"column":31},"end":{"line":127,"column":51}},"67":{"start":{"line":128,"column":31},"end":{"line":128,"column":51}},"68":{"start":{"line":132,"column":0},"end":{"line":132,"column":34}}},"fnMap":{"0":{"name":"(anonymous_1)","decl":{"start":{"line":7,"column":15},"end":{"line":7,"column":20}},"loc":{"start":{"line":7,"column":74},"end":{"line":17,"column":5}}},"1":{"name":"(anonymous_2)","decl":{"start":{"line":19,"column":16},"end":{"line":19,"column":21}},"loc":{"start":{"line":19,"column":103},"end":{"line":29,"column":5}}},"2":{"name":"(anonymous_3)","decl":{"start":{"line":31,"column":18},"end":{"line":31,"column":23}},"loc":{"start":{"line":31,"column":62},"end":{"line":41,"column":5}}},"3":{"name":"(anonymous_4)","decl":{"start":{"line":45,"column":21},"end":{"line":45,"column":26}},"loc":{"start":{"line":45,"column":100},"end":{"line":61,"column":5}}},"4":{"name":"(anonymous_5)","decl":{"start":{"line":63,"column":21},"end":{"line":63,"column":26}},"loc":{"start":{"line":63,"column":116},"end":{"line":80,"column":5}}},"5":{"name":"(anonymous_6)","decl":{"start":{"line":82,"column":21},"end":{"line":82,"column":26}},"loc":{"start":{"line":82,"column":80},"end":{"line":99,"column":5}}},"6":{"name":"(anonymous_7)","decl":{"start":{"line":101,"column":29},"end":{"line":101,"column":34}},"loc":{"start":{"line":101,"column":116},"end":{"line":118,"column":5}}},"7":{"name":"(anonymous_8)","decl":{"start":{"line":123,"column":16},"end":{"line":123,"column":17}},"loc":{"start":{"line":123,"column":33},"end":{"line":123,"column":50}}},"8":{"name":"(anonymous_9)","decl":{"start":{"line":124,"column":12},"end":{"line":124,"column":13}},"loc":{"start":{"line":124,"column":29},"end":{"line":124,"column":48}}},"9":{"name":"(anonymous_10)","decl":{"start":{"line":125,"column":15},"end":{"line":125,"column":16}},"loc":{"start":{"line":125,"column":32},"end":{"line":125,"column":56}}},"10":{"name":"(anonymous_11)","decl":{"start":{"line":126,"column":17},"end":{"line":126,"column":18}},"loc":{"start":{"line":126,"column":34},"end":{"line":126,"column":57}}},"11":{"name":"(anonymous_12)","decl":{"start":{"line":127,"column":14},"end":{"line":127,"column":15}},"loc":{"start":{"line":127,"column":31},"end":{"line":127,"column":51}}},"12":{"name":"(anonymous_13)","decl":{"start":{"line":128,"column":14},"end":{"line":128,"column":15}},"loc":{"start":{"line":128,"column":31},"end":{"line":128,"column":51}}}},"branchMap":{"0":{"loc":{"start":{"line":9,"column":8},"end":{"line":11,"column":9}},"type":"if","locations":[{"start":{"line":9,"column":8},"end":{"line":11,"column":9}}]},"1":{"loc":{"start":{"line":21,"column":8},"end":{"line":23,"column":9}},"type":"if","locations":[{"start":{"line":21,"column":8},"end":{"line":23,"column":9}}]},"2":{"loc":{"start":{"line":33,"column":8},"end":{"line":35,"column":9}},"type":"if","locations":[{"start":{"line":33,"column":8},"end":{"line":35,"column":9}}]},"3":{"loc":{"start":{"line":47,"column":8},"end":{"line":49,"column":9}},"type":"if","locations":[{"start":{"line":47,"column":8},"end":{"line":49,"column":9}}]},"4":{"loc":{"start":{"line":50,"column":8},"end":{"line":52,"column":9}},"type":"if","locations":[{"start":{"line":50,"column":8},"end":{"line":52,"column":9}}]},"5":{"loc":{"start":{"line":50,"column":12},"end":{"line":50,"column":79}},"type":"binary-expr","locations":[{"start":{"line":50,"column":12},"end":{"line":50,"column":46}},{"start":{"line":50,"column":50},"end":{"line":50,"column":79}}]},"6":{"loc":{"start":{"line":65,"column":8},"end":{"line":67,"column":9}},"type":"if","locations":[{"start":{"line":65,"column":8},"end":{"line":67,"column":9}}]},"7":{"loc":{"start":{"line":69,"column":8},"end":{"line":71,"column":9}},"type":"if","locations":[{"start":{"line":69,"column":8},"end":{"line":71,"column":9}}]},"8":{"loc":{"start":{"line":72,"column":8},"end":{"line":74,"column":9}},"type":"if","locations":[{"start":{"line":72,"column":8},"end":{"line":74,"column":9}}]},"9":{"loc":{"start":{"line":72,"column":12},"end":{"line":72,"column":88}},"type":"binary-expr","locations":[{"start":{"line":72,"column":12},"end":{"line":72,"column":55}},{"start":{"line":72,"column":59},"end":{"line":72,"column":88}}]},"10":{"loc":{"start":{"line":84,"column":8},"end":{"line":86,"column":9}},"type":"if","locations":[{"start":{"line":84,"column":8},"end":{"line":86,"column":9}}]},"11":{"loc":{"start":{"line":88,"column":8},"end":{"line":90,"column":9}},"type":"if","locations":[{"start":{"line":88,"column":8},"end":{"line":90,"column":9}}]},"12":{"loc":{"start":{"line":91,"column":8},"end":{"line":93,"column":9}},"type":"if","locations":[{"start":{"line":91,"column":8},"end":{"line":93,"column":9}}]},"13":{"loc":{"start":{"line":91,"column":12},"end":{"line":91,"column":88}},"type":"binary-expr","locations":[{"start":{"line":91,"column":12},"end":{"line":91,"column":55}},{"start":{"line":91,"column":59},"end":{"line":91,"column":88}}]},"14":{"loc":{"start":{"line":103,"column":8},"end":{"line":105,"column":9}},"type":"if","locations":[{"start":{"line":103,"column":8},"end":{"line":105,"column":9}}]},"15":{"loc":{"start":{"line":107,"column":8},"end":{"line":109,"column":9}},"type":"if","locations":[{"start":{"line":107,"column":8},"end":{"line":109,"column":9}}]},"16":{"loc":{"start":{"line":110,"column":8},"end":{"line":112,"column":9}},"type":"if","locations":[{"start":{"line":110,"column":8},"end":{"line":112,"column":9}}]},"17":{"loc":{"start":{"line":110,"column":12},"end":{"line":110,"column":88}},"type":"binary-expr","locations":[{"start":{"line":110,"column":12},"end":{"line":110,"column":55}},{"start":{"line":110,"column":59},"end":{"line":110,"column":88}}]},"18":{"loc":{"start":{"line":124,"column":29},"end":{"line":124,"column":48}},"type":"binary-expr","locations":[{"start":{"line":124,"column":29},"end":{"line":124,"column":42}},{"start":{"line":124,"column":46},"end":{"line":124,"column":48}}]},"19":{"loc":{"start":{"line":125,"column":32},"end":{"line":125,"column":56}},"type":"binary-expr","locations":[{"start":{"line":125,"column":32},"end":{"line":125,"column":48}},{"start":{"line":125,"column":52},"end":{"line":125,"column":56}}]},"20":{"loc":{"start":{"line":126,"column":34},"end":{"line":126,"column":57}},"type":"binary-expr","locations":[{"start":{"line":126,"column":34},"end":{"line":126,"column":52}},{"start":{"line":126,"column":56},"end":{"line":126,"column":57}}]},"21":{"loc":{"start":{"line":127,"column":31},"end":{"line":127,"column":51}},"type":"binary-expr","locations":[{"start":{"line":127,"column":31},"end":{"line":127,"column":46}},{"start":{"line":127,"column":50},"end":{"line":127,"column":51}}]},"22":{"loc":{"start":{"line":128,"column":31},"end":{"line":128,"column":51}},"type":"binary-expr","locations":[{"start":{"line":128,"column":31},"end":{"line":128,"column":46}},{"start":{"line":128,"column":50},"end":{"line":128,"column":51}}]}},"s":{"0":0,"1":0,"2":0,"3":0,"4":0,"5":0,"6":0,"7":0,"8":0,"9":0,"10":0,"11":0,"12":0,"13":0,"14":0,"15":0,"16":0,"17":0,"18":0,"19":0,"20":0,"21":0,"22":0,"23":0,"24":0,"25":0,"26":0,"27":0,"28":0,"29":0,"30":0,"31":0,"32":0,"33":0,"34":0,"35":0,"36":0,"37":0,"38":0,"39":0,"40":0,"41":0,"42":0,"43":0,"44":0,"45":0,"46":0,"47":0,"48":0,"49":0,"50":0,"51":0,"52":0,"53":0,"54":0,"55":0,"56":0,"57":0,"58":0,"59":0,"60":0,"61":0,"62":0,"63":0,"64":0,"65":0,"66":0,"67":0,"68":0},"f":{"0":0,"1":0,"2":0,"3":0,"4":0,"5":0,"6":0,"7":0,"8":0,"9":0,"10":0,"11":0,"12":0},"b":{"0":[0],"1":[0],"2":[0],"3":[0],"4":[0],"5":[0,0],"6":[0],"7":[0],"8":[0],"9":[0,0],"10":[0],"11":[0],"12":[0],"13":[0,0],"14":[0],"15":[0],"16":[0],"17":[0,0],"18":[0,0],"19":[0,0],"20":[0,0],"21":[0,0],"22":[0,0]}}
,"/project/sandbox/user-workspace/blackboxai-1742671172553/eduapp/backend/src/graphql/resolvers/community.resolvers.ts": {"path":"/project/sandbox/user-workspace/blackboxai-1742671172553/eduapp/backend/src/graphql/resolvers/community.resolvers.ts","statementMap":{"0":{"start":{"line":2,"column":0},"end":{"line":2,"column":64}},"1":{"start":{"line":3,"column":0},"end":{"line":3,"column":41}},"2":{"start":{"line":5,"column":13},"end":{"line":143,"column":2}},"3":{"start":{"line":8,"column":6},"end":{"line":16,"column":7}},"4":{"start":{"line":9,"column":8},"end":{"line":11,"column":9}},"5":{"start":{"line":10,"column":10},"end":{"line":10,"column":53}},"6":{"start":{"line":12,"column":8},"end":{"line":12,"column":50}},"7":{"start":{"line":14,"column":8},"end":{"line":14,"column":59}},"8":{"start":{"line":15,"column":8},"end":{"line":15,"column":20}},"9":{"start":{"line":20,"column":6},"end":{"line":28,"column":7}},"10":{"start":{"line":21,"column":8},"end":{"line":23,"column":9}},"11":{"start":{"line":22,"column":10},"end":{"line":22,"column":53}},"12":{"start":{"line":24,"column":8},"end":{"line":24,"column":56}},"13":{"start":{"line":26,"column":8},"end":{"line":26,"column":61}},"14":{"start":{"line":27,"column":8},"end":{"line":27,"column":20}},"15":{"start":{"line":32,"column":6},"end":{"line":40,"column":7}},"16":{"start":{"line":33,"column":8},"end":{"line":35,"column":9}},"17":{"start":{"line":34,"column":10},"end":{"line":34,"column":53}},"18":{"start":{"line":36,"column":8},"end":{"line":36,"column":71}},"19":{"start":{"line":38,"column":8},"end":{"line":38,"column":67}},"20":{"start":{"line":39,"column":8},"end":{"line":39,"column":20}},"21":{"start":{"line":46,"column":6},"end":{"line":54,"column":7}},"22":{"start":{"line":47,"column":8},"end":{"line":49,"column":9}},"23":{"start":{"line":48,"column":10},"end":{"line":48,"column":53}},"24":{"start":{"line":50,"column":8},"end":{"line":50,"column":52}},"25":{"start":{"line":52,"column":8},"end":{"line":52,"column":68}},"26":{"start":{"line":53,"column":8},"end":{"line":53,"column":20}},"27":{"start":{"line":58,"column":6},"end":{"line":74,"column":7}},"28":{"start":{"line":59,"column":8},"end":{"line":61,"column":9}},"29":{"start":{"line":60,"column":10},"end":{"line":60,"column":53}},"30":{"start":{"line":62,"column":26},"end":{"line":62,"column":60}},"31":{"start":{"line":63,"column":8},"end":{"line":65,"column":9}},"32":{"start":{"line":64,"column":10},"end":{"line":64,"column":49}},"33":{"start":{"line":67,"column":8},"end":{"line":69,"column":9}},"34":{"start":{"line":68,"column":10},"end":{"line":68,"column":44}},"35":{"start":{"line":70,"column":8},"end":{"line":70,"column":56}},"36":{"start":{"line":72,"column":8},"end":{"line":72,"column":68}},"37":{"start":{"line":73,"column":8},"end":{"line":73,"column":20}},"38":{"start":{"line":78,"column":6},"end":{"line":94,"column":7}},"39":{"start":{"line":79,"column":8},"end":{"line":81,"column":9}},"40":{"start":{"line":80,"column":10},"end":{"line":80,"column":53}},"41":{"start":{"line":82,"column":26},"end":{"line":82,"column":60}},"42":{"start":{"line":83,"column":8},"end":{"line":85,"column":9}},"43":{"start":{"line":84,"column":10},"end":{"line":84,"column":49}},"44":{"start":{"line":87,"column":8},"end":{"line":89,"column":9}},"45":{"start":{"line":88,"column":10},"end":{"line":88,"column":44}},"46":{"start":{"line":90,"column":8},"end":{"line":90,"column":49}},"47":{"start":{"line":92,"column":8},"end":{"line":92,"column":68}},"48":{"start":{"line":93,"column":8},"end":{"line":93,"column":20}},"49":{"start":{"line":98,"column":6},"end":{"line":114,"column":7}},"50":{"start":{"line":99,"column":8},"end":{"line":101,"column":9}},"51":{"start":{"line":100,"column":10},"end":{"line":100,"column":53}},"52":{"start":{"line":102,"column":26},"end":{"line":102,"column":60}},"53":{"start":{"line":103,"column":8},"end":{"line":105,"column":9}},"54":{"start":{"line":104,"column":10},"end":{"line":104,"column":49}},"55":{"start":{"line":107,"column":8},"end":{"line":109,"column":9}},"56":{"start":{"line":108,"column":10},"end":{"line":108,"column":44}},"57":{"start":{"line":110,"column":8},"end":{"line":110,"column":58}},"58":{"start":{"line":112,"column":8},"end":{"line":112,"column":70}},"59":{"start":{"line":113,"column":8},"end":{"line":113,"column":20}},"60":{"start":{"line":118,"column":6},"end":{"line":134,"column":7}},"61":{"start":{"line":119,"column":8},"end":{"line":121,"column":9}},"62":{"start":{"line":120,"column":10},"end":{"line":120,"column":53}},"63":{"start":{"line":122,"column":26},"end":{"line":122,"column":60}},"64":{"start":{"line":123,"column":8},"end":{"line":125,"column":9}},"65":{"start":{"line":124,"column":10},"end":{"line":124,"column":49}},"66":{"start":{"line":127,"column":8},"end":{"line":129,"column":9}},"67":{"start":{"line":128,"column":10},"end":{"line":128,"column":44}},"68":{"start":{"line":130,"column":8},"end":{"line":130,"column":61}},"69":{"start":{"line":132,"column":8},"end":{"line":132,"column":73}},"70":{"start":{"line":133,"column":8},"end":{"line":133,"column":20}},"71":{"start":{"line":140,"column":29},"end":{"line":140,"column":48}},"72":{"start":{"line":141,"column":30},"end":{"line":141,"column":49}},"73":{"start":{"line":145,"column":0},"end":{"line":145,"column":34}}},"fnMap":{"0":{"name":"(anonymous_1)","decl":{"start":{"line":7,"column":15},"end":{"line":7,"column":20}},"loc":{"start":{"line":7,"column":74},"end":{"line":17,"column":5}}},"1":{"name":"(anonymous_2)","decl":{"start":{"line":19,"column":17},"end":{"line":19,"column":22}},"loc":{"start":{"line":19,"column":104},"end":{"line":29,"column":5}}},"2":{"name":"(anonymous_3)","decl":{"start":{"line":31,"column":23},"end":{"line":31,"column":28}},"loc":{"start":{"line":31,"column":132},"end":{"line":41,"column":5}}},"3":{"name":"(anonymous_4)","decl":{"start":{"line":45,"column":21},"end":{"line":45,"column":26}},"loc":{"start":{"line":45,"column":100},"end":{"line":55,"column":5}}},"4":{"name":"(anonymous_5)","decl":{"start":{"line":57,"column":21},"end":{"line":57,"column":26}},"loc":{"start":{"line":57,"column":116},"end":{"line":75,"column":5}}},"5":{"name":"(anonymous_6)","decl":{"start":{"line":77,"column":21},"end":{"line":77,"column":26}},"loc":{"start":{"line":77,"column":80},"end":{"line":95,"column":5}}},"6":{"name":"(anonymous_7)","decl":{"start":{"line":97,"column":23},"end":{"line":97,"column":28}},"loc":{"start":{"line":97,"column":104},"end":{"line":115,"column":5}}},"7":{"name":"(anonymous_8)","decl":{"start":{"line":117,"column":26},"end":{"line":117,"column":31}},"loc":{"start":{"line":117,"column":107},"end":{"line":135,"column":5}}},"8":{"name":"(anonymous_9)","decl":{"start":{"line":140,"column":12},"end":{"line":140,"column":13}},"loc":{"start":{"line":140,"column":29},"end":{"line":140,"column":48}}},"9":{"name":"(anonymous_10)","decl":{"start":{"line":141,"column":13},"end":{"line":141,"column":14}},"loc":{"start":{"line":141,"column":30},"end":{"line":141,"column":49}}}},"branchMap":{"0":{"loc":{"start":{"line":9,"column":8},"end":{"line":11,"column":9}},"type":"if","locations":[{"start":{"line":9,"column":8},"end":{"line":11,"column":9}}]},"1":{"loc":{"start":{"line":21,"column":8},"end":{"line":23,"column":9}},"type":"if","locations":[{"start":{"line":21,"column":8},"end":{"line":23,"column":9}}]},"2":{"loc":{"start":{"line":33,"column":8},"end":{"line":35,"column":9}},"type":"if","locations":[{"start":{"line":33,"column":8},"end":{"line":35,"column":9}}]},"3":{"loc":{"start":{"line":47,"column":8},"end":{"line":49,"column":9}},"type":"if","locations":[{"start":{"line":47,"column":8},"end":{"line":49,"column":9}}]},"4":{"loc":{"start":{"line":59,"column":8},"end":{"line":61,"column":9}},"type":"if","locations":[{"start":{"line":59,"column":8},"end":{"line":61,"column":9}}]},"5":{"loc":{"start":{"line":63,"column":8},"end":{"line":65,"column":9}},"type":"if","locations":[{"start":{"line":63,"column":8},"end":{"line":65,"column":9}}]},"6":{"loc":{"start":{"line":67,"column":8},"end":{"line":69,"column":9}},"type":"if","locations":[{"start":{"line":67,"column":8},"end":{"line":69,"column":9}}]},"7":{"loc":{"start":{"line":79,"column":8},"end":{"line":81,"column":9}},"type":"if","locations":[{"start":{"line":79,"column":8},"end":{"line":81,"column":9}}]},"8":{"loc":{"start":{"line":83,"column":8},"end":{"line":85,"column":9}},"type":"if","locations":[{"start":{"line":83,"column":8},"end":{"line":85,"column":9}}]},"9":{"loc":{"start":{"line":87,"column":8},"end":{"line":89,"column":9}},"type":"if","locations":[{"start":{"line":87,"column":8},"end":{"line":89,"column":9}}]},"10":{"loc":{"start":{"line":99,"column":8},"end":{"line":101,"column":9}},"type":"if","locations":[{"start":{"line":99,"column":8},"end":{"line":101,"column":9}}]},"11":{"loc":{"start":{"line":103,"column":8},"end":{"line":105,"column":9}},"type":"if","locations":[{"start":{"line":103,"column":8},"end":{"line":105,"column":9}}]},"12":{"loc":{"start":{"line":107,"column":8},"end":{"line":109,"column":9}},"type":"if","locations":[{"start":{"line":107,"column":8},"end":{"line":109,"column":9}}]},"13":{"loc":{"start":{"line":119,"column":8},"end":{"line":121,"column":9}},"type":"if","locations":[{"start":{"line":119,"column":8},"end":{"line":121,"column":9}}]},"14":{"loc":{"start":{"line":123,"column":8},"end":{"line":125,"column":9}},"type":"if","locations":[{"start":{"line":123,"column":8},"end":{"line":125,"column":9}}]},"15":{"loc":{"start":{"line":127,"column":8},"end":{"line":129,"column":9}},"type":"if","locations":[{"start":{"line":127,"column":8},"end":{"line":129,"column":9}}]},"16":{"loc":{"start":{"line":140,"column":29},"end":{"line":140,"column":48}},"type":"binary-expr","locations":[{"start":{"line":140,"column":29},"end":{"line":140,"column":42}},{"start":{"line":140,"column":46},"end":{"line":140,"column":48}}]},"17":{"loc":{"start":{"line":141,"column":30},"end":{"line":141,"column":49}},"type":"binary-expr","locations":[{"start":{"line":141,"column":30},"end":{"line":141,"column":44}},{"start":{"line":141,"column":48},"end":{"line":141,"column":49}}]}},"s":{"0":0,"1":0,"2":0,"3":0,"4":0,"5":0,"6":0,"7":0,"8":0,"9":0,"10":0,"11":0,"12":0,"13":0,"14":0,"15":0,"16":0,"17":0,"18":0,"19":0,"20":0,"21":0,"22":0,"23":0,"24":0,"25":0,"26":0,"27":0,"28":0,"29":0,"30":0,"31":0,"32":0,"33":0,"34":0,"35":0,"36":0,"37":0,"38":0,"39":0,"40":0,"41":0,"42":0,"43":0,"44":0,"45":0,"46":0,"47":0,"48":0,"49":0,"50":0,"51":0,"52":0,"53":0,"54":0,"55":0,"56":0,"57":0,"58":0,"59":0,"60":0,"61":0,"62":0,"63":0,"64":0,"65":0,"66":0,"67":0,"68":0,"69":0,"70":0,"71":0,"72":0,"73":0},"f":{"0":0,"1":0,"2":0,"3":0,"4":0,"5":0,"6":0,"7":0,"8":0,"9":0},"b":{"0":[0],"1":[0],"2":[0],"3":[0],"4":[0],"5":[0],"6":[0],"7":[0],"8":[0],"9":[0],"10":[0],"11":[0],"12":[0],"13":[0],"14":[0],"15":[0],"16":[0,0],"17":[0,0]}}
,"/project/sandbox/user-workspace/blackboxai-1742671172553/eduapp/backend/src/graphql/resolvers/index.ts": {"path":"/project/sandbox/user-workspace/blackboxai-1742671172553/eduapp/backend/src/graphql/resolvers/index.ts","statementMap":{"0":{"start":{"line":1,"column":0},"end":{"line":1,"column":59}},"1":{"start":{"line":2,"column":0},"end":{"line":2,"column":59}},"2":{"start":{"line":3,"column":0},"end":{"line":3,"column":49}},"3":{"start":{"line":6,"column":18},"end":{"line":36,"column":2}},"4":{"start":{"line":24,"column":6},"end":{"line":24,"column":65}},"5":{"start":{"line":27,"column":6},"end":{"line":27,"column":29}},"6":{"start":{"line":30,"column":6},"end":{"line":32,"column":7}},"7":{"start":{"line":31,"column":8},"end":{"line":31,"column":35}},"8":{"start":{"line":33,"column":6},"end":{"line":33,"column":18}},"9":{"start":{"line":38,"column":0},"end":{"line":38,"column":25}}},"fnMap":{"0":{"name":"(anonymous_0)","decl":{"start":{"line":23,"column":4},"end":{"line":23,"column":13}},"loc":{"start":{"line":23,"column":24},"end":{"line":25,"column":5}}},"1":{"name":"(anonymous_1)","decl":{"start":{"line":26,"column":4},"end":{"line":26,"column":14}},"loc":{"start":{"line":26,"column":25},"end":{"line":28,"column":5}}},"2":{"name":"(anonymous_2)","decl":{"start":{"line":29,"column":4},"end":{"line":29,"column":16}},"loc":{"start":{"line":29,"column":25},"end":{"line":34,"column":5}}}},"branchMap":{"0":{"loc":{"start":{"line":24,"column":13},"end":{"line":24,"column":64}},"type":"cond-expr","locations":[{"start":{"line":24,"column":37},"end":{"line":24,"column":56}},{"start":{"line":24,"column":59},"end":{"line":24,"column":64}}]},"1":{"loc":{"start":{"line":30,"column":6},"end":{"line":32,"column":7}},"type":"if","locations":[{"start":{"line":30,"column":6},"end":{"line":32,"column":7}}]}},"s":{"0":0,"1":0,"2":0,"3":0,"4":0,"5":0,"6":0,"7":0,"8":0,"9":0},"f":{"0":0,"1":0,"2":0},"b":{"0":[0,0],"1":[0]}}
,"/project/sandbox/user-workspace/blackboxai-1742671172553/eduapp/backend/src/graphql/resolvers/post.resolvers.ts": {"path":"/project/sandbox/user-workspace/blackboxai-1742671172553/eduapp/backend/src/graphql/resolvers/post.resolvers.ts","statementMap":{"0":{"start":{"line":2,"column":0},"end":{"line":2,"column":54}},"1":{"start":{"line":3,"column":0},"end":{"line":3,"column":41}},"2":{"start":{"line":5,"column":13},"end":{"line":162,"column":2}},"3":{"start":{"line":8,"column":6},"end":{"line":16,"column":7}},"4":{"start":{"line":9,"column":8},"end":{"line":11,"column":9}},"5":{"start":{"line":10,"column":10},"end":{"line":10,"column":53}},"6":{"start":{"line":12,"column":8},"end":{"line":12,"column":45}},"7":{"start":{"line":14,"column":8},"end":{"line":14,"column":54}},"8":{"start":{"line":15,"column":8},"end":{"line":15,"column":20}},"9":{"start":{"line":20,"column":6},"end":{"line":28,"column":7}},"10":{"start":{"line":21,"column":8},"end":{"line":23,"column":9}},"11":{"start":{"line":22,"column":10},"end":{"line":22,"column":53}},"12":{"start":{"line":24,"column":8},"end":{"line":24,"column":47}},"13":{"start":{"line":26,"column":8},"end":{"line":26,"column":55}},"14":{"start":{"line":27,"column":8},"end":{"line":27,"column":20}},"15":{"start":{"line":32,"column":6},"end":{"line":40,"column":7}},"16":{"start":{"line":33,"column":8},"end":{"line":35,"column":9}},"17":{"start":{"line":34,"column":10},"end":{"line":34,"column":53}},"18":{"start":{"line":36,"column":8},"end":{"line":36,"column":56}},"19":{"start":{"line":38,"column":8},"end":{"line":38,"column":60}},"20":{"start":{"line":39,"column":8},"end":{"line":39,"column":20}},"21":{"start":{"line":44,"column":6},"end":{"line":52,"column":7}},"22":{"start":{"line":45,"column":8},"end":{"line":47,"column":9}},"23":{"start":{"line":46,"column":10},"end":{"line":46,"column":53}},"24":{"start":{"line":48,"column":8},"end":{"line":48,"column":64}},"25":{"start":{"line":50,"column":8},"end":{"line":50,"column":63}},"26":{"start":{"line":51,"column":8},"end":{"line":51,"column":20}},"27":{"start":{"line":56,"column":6},"end":{"line":64,"column":7}},"28":{"start":{"line":57,"column":8},"end":{"line":59,"column":9}},"29":{"start":{"line":58,"column":10},"end":{"line":58,"column":53}},"30":{"start":{"line":60,"column":8},"end":{"line":60,"column":56}},"31":{"start":{"line":62,"column":8},"end":{"line":62,"column":61}},"32":{"start":{"line":63,"column":8},"end":{"line":63,"column":20}},"33":{"start":{"line":70,"column":6},"end":{"line":81,"column":7}},"34":{"start":{"line":71,"column":8},"end":{"line":73,"column":9}},"35":{"start":{"line":72,"column":10},"end":{"line":72,"column":53}},"36":{"start":{"line":74,"column":8},"end":{"line":77,"column":11}},"37":{"start":{"line":79,"column":8},"end":{"line":79,"column":63}},"38":{"start":{"line":80,"column":8},"end":{"line":80,"column":20}},"39":{"start":{"line":85,"column":6},"end":{"line":100,"column":7}},"40":{"start":{"line":86,"column":8},"end":{"line":88,"column":9}},"41":{"start":{"line":87,"column":10},"end":{"line":87,"column":53}},"42":{"start":{"line":89,"column":21},"end":{"line":89,"column":50}},"43":{"start":{"line":90,"column":8},"end":{"line":92,"column":9}},"44":{"start":{"line":91,"column":10},"end":{"line":91,"column":44}},"45":{"start":{"line":93,"column":8},"end":{"line":95,"column":9}},"46":{"start":{"line":94,"column":10},"end":{"line":94,"column":44}},"47":{"start":{"line":96,"column":8},"end":{"line":96,"column":51}},"48":{"start":{"line":98,"column":8},"end":{"line":98,"column":63}},"49":{"start":{"line":99,"column":8},"end":{"line":99,"column":20}},"50":{"start":{"line":104,"column":6},"end":{"line":119,"column":7}},"51":{"start":{"line":105,"column":8},"end":{"line":107,"column":9}},"52":{"start":{"line":106,"column":10},"end":{"line":106,"column":53}},"53":{"start":{"line":108,"column":21},"end":{"line":108,"column":50}},"54":{"start":{"line":109,"column":8},"end":{"line":111,"column":9}},"55":{"start":{"line":110,"column":10},"end":{"line":110,"column":44}},"56":{"start":{"line":112,"column":8},"end":{"line":114,"column":9}},"57":{"start":{"line":113,"column":10},"end":{"line":113,"column":44}},"58":{"start":{"line":115,"column":8},"end":{"line":115,"column":44}},"59":{"start":{"line":117,"column":8},"end":{"line":117,"column":63}},"60":{"start":{"line":118,"column":8},"end":{"line":118,"column":20}},"61":{"start":{"line":123,"column":6},"end":{"line":135,"column":7}},"62":{"start":{"line":124,"column":8},"end":{"line":126,"column":9}},"63":{"start":{"line":125,"column":10},"end":{"line":125,"column":53}},"64":{"start":{"line":127,"column":21},"end":{"line":127,"column":50}},"65":{"start":{"line":128,"column":8},"end":{"line":130,"column":9}},"66":{"start":{"line":129,"column":10},"end":{"line":129,"column":44}},"67":{"start":{"line":131,"column":8},"end":{"line":131,"column":42}},"68":{"start":{"line":133,"column":8},"end":{"line":133,"column":61}},"69":{"start":{"line":134,"column":8},"end":{"line":134,"column":20}},"70":{"start":{"line":139,"column":6},"end":{"line":151,"column":7}},"71":{"start":{"line":140,"column":8},"end":{"line":142,"column":9}},"72":{"start":{"line":141,"column":10},"end":{"line":141,"column":53}},"73":{"start":{"line":143,"column":21},"end":{"line":143,"column":50}},"74":{"start":{"line":144,"column":8},"end":{"line":146,"column":9}},"75":{"start":{"line":145,"column":10},"end":{"line":145,"column":44}},"76":{"start":{"line":147,"column":8},"end":{"line":147,"column":44}},"77":{"start":{"line":149,"column":8},"end":{"line":149,"column":63}},"78":{"start":{"line":150,"column":8},"end":{"line":150,"column":20}},"79":{"start":{"line":157,"column":29},"end":{"line":157,"column":42}},"80":{"start":{"line":158,"column":27},"end":{"line":158,"column":44}},"81":{"start":{"line":159,"column":28},"end":{"line":159,"column":45}},"82":{"start":{"line":160,"column":31},"end":{"line":160,"column":51}},"83":{"start":{"line":164,"column":0},"end":{"line":164,"column":29}}},"fnMap":{"0":{"name":"(anonymous_1)","decl":{"start":{"line":7,"column":10},"end":{"line":7,"column":15}},"loc":{"start":{"line":7,"column":69},"end":{"line":17,"column":5}}},"1":{"name":"(anonymous_2)","decl":{"start":{"line":19,"column":11},"end":{"line":19,"column":16}},"loc":{"start":{"line":19,"column":69},"end":{"line":29,"column":5}}},"2":{"name":"(anonymous_3)","decl":{"start":{"line":31,"column":16},"end":{"line":31,"column":21}},"loc":{"start":{"line":31,"column":104},"end":{"line":41,"column":5}}},"3":{"name":"(anonymous_4)","decl":{"start":{"line":43,"column":19},"end":{"line":43,"column":24}},"loc":{"start":{"line":43,"column":117},"end":{"line":53,"column":5}}},"4":{"name":"(anonymous_5)","decl":{"start":{"line":55,"column":17},"end":{"line":55,"column":22}},"loc":{"start":{"line":55,"column":109},"end":{"line":65,"column":5}}},"5":{"name":"(anonymous_6)","decl":{"start":{"line":69,"column":16},"end":{"line":69,"column":21}},"loc":{"start":{"line":69,"column":90},"end":{"line":82,"column":5}}},"6":{"name":"(anonymous_7)","decl":{"start":{"line":84,"column":16},"end":{"line":84,"column":21}},"loc":{"start":{"line":84,"column":106},"end":{"line":101,"column":5}}},"7":{"name":"(anonymous_8)","decl":{"start":{"line":103,"column":16},"end":{"line":103,"column":21}},"loc":{"start":{"line":103,"column":75},"end":{"line":120,"column":5}}},"8":{"name":"(anonymous_9)","decl":{"start":{"line":122,"column":14},"end":{"line":122,"column":19}},"loc":{"start":{"line":122,"column":73},"end":{"line":136,"column":5}}},"9":{"name":"(anonymous_10)","decl":{"start":{"line":138,"column":16},"end":{"line":138,"column":21}},"loc":{"start":{"line":138,"column":75},"end":{"line":152,"column":5}}},"10":{"name":"(anonymous_11)","decl":{"start":{"line":157,"column":12},"end":{"line":157,"column":13}},"loc":{"start":{"line":157,"column":29},"end":{"line":157,"column":42}}},"11":{"name":"(anonymous_12)","decl":{"start":{"line":158,"column":10},"end":{"line":158,"column":11}},"loc":{"start":{"line":158,"column":27},"end":{"line":158,"column":44}}},"12":{"name":"(anonymous_13)","decl":{"start":{"line":159,"column":11},"end":{"line":159,"column":12}},"loc":{"start":{"line":159,"column":28},"end":{"line":159,"column":45}}},"13":{"name":"(anonymous_14)","decl":{"start":{"line":160,"column":14},"end":{"line":160,"column":15}},"loc":{"start":{"line":160,"column":31},"end":{"line":160,"column":51}}}},"branchMap":{"0":{"loc":{"start":{"line":9,"column":8},"end":{"line":11,"column":9}},"type":"if","locations":[{"start":{"line":9,"column":8},"end":{"line":11,"column":9}}]},"1":{"loc":{"start":{"line":21,"column":8},"end":{"line":23,"column":9}},"type":"if","locations":[{"start":{"line":21,"column":8},"end":{"line":23,"column":9}}]},"2":{"loc":{"start":{"line":33,"column":8},"end":{"line":35,"column":9}},"type":"if","locations":[{"start":{"line":33,"column":8},"end":{"line":35,"column":9}}]},"3":{"loc":{"start":{"line":45,"column":8},"end":{"line":47,"column":9}},"type":"if","locations":[{"start":{"line":45,"column":8},"end":{"line":47,"column":9}}]},"4":{"loc":{"start":{"line":57,"column":8},"end":{"line":59,"column":9}},"type":"if","locations":[{"start":{"line":57,"column":8},"end":{"line":59,"column":9}}]},"5":{"loc":{"start":{"line":71,"column":8},"end":{"line":73,"column":9}},"type":"if","locations":[{"start":{"line":71,"column":8},"end":{"line":73,"column":9}}]},"6":{"loc":{"start":{"line":86,"column":8},"end":{"line":88,"column":9}},"type":"if","locations":[{"start":{"line":86,"column":8},"end":{"line":88,"column":9}}]},"7":{"loc":{"start":{"line":90,"column":8},"end":{"line":92,"column":9}},"type":"if","locations":[{"start":{"line":90,"column":8},"end":{"line":92,"column":9}}]},"8":{"loc":{"start":{"line":93,"column":8},"end":{"line":95,"column":9}},"type":"if","locations":[{"start":{"line":93,"column":8},"end":{"line":95,"column":9}}]},"9":{"loc":{"start":{"line":93,"column":12},"end":{"line":93,"column":79}},"type":"binary-expr","locations":[{"start":{"line":93,"column":12},"end":{"line":93,"column":46}},{"start":{"line":93,"column":50},"end":{"line":93,"column":79}}]},"10":{"loc":{"start":{"line":105,"column":8},"end":{"line":107,"column":9}},"type":"if","locations":[{"start":{"line":105,"column":8},"end":{"line":107,"column":9}}]},"11":{"loc":{"start":{"line":109,"column":8},"end":{"line":111,"column":9}},"type":"if","locations":[{"start":{"line":109,"column":8},"end":{"line":111,"column":9}}]},"12":{"loc":{"start":{"line":112,"column":8},"end":{"line":114,"column":9}},"type":"if","locations":[{"start":{"line":112,"column":8},"end":{"line":114,"column":9}}]},"13":{"loc":{"start":{"line":112,"column":12},"end":{"line":112,"column":79}},"type":"binary-expr","locations":[{"start":{"line":112,"column":12},"end":{"line":112,"column":46}},{"start":{"line":112,"column":50},"end":{"line":112,"column":79}}]},"14":{"loc":{"start":{"line":124,"column":8},"end":{"line":126,"column":9}},"type":"if","locations":[{"start":{"line":124,"column":8},"end":{"line":126,"column":9}}]},"15":{"loc":{"start":{"line":128,"column":8},"end":{"line":130,"column":9}},"type":"if","locations":[{"start":{"line":128,"column":8},"end":{"line":130,"column":9}}]},"16":{"loc":{"start":{"line":140,"column":8},"end":{"line":142,"column":9}},"type":"if","locations":[{"start":{"line":140,"column":8},"end":{"line":142,"column":9}}]},"17":{"loc":{"start":{"line":144,"column":8},"end":{"line":146,"column":9}},"type":"if","locations":[{"start":{"line":144,"column":8},"end":{"line":146,"column":9}}]},"18":{"loc":{"start":{"line":158,"column":27},"end":{"line":158,"column":44}},"type":"binary-expr","locations":[{"start":{"line":158,"column":27},"end":{"line":158,"column":38}},{"start":{"line":158,"column":42},"end":{"line":158,"column":44}}]},"19":{"loc":{"start":{"line":159,"column":28},"end":{"line":159,"column":45}},"type":"binary-expr","locations":[{"start":{"line":159,"column":28},"end":{"line":159,"column":40}},{"start":{"line":159,"column":44},"end":{"line":159,"column":45}}]},"20":{"loc":{"start":{"line":160,"column":31},"end":{"line":160,"column":51}},"type":"binary-expr","locations":[{"start":{"line":160,"column":31},"end":{"line":160,"column":46}},{"start":{"line":160,"column":50},"end":{"line":160,"column":51}}]}},"s":{"0":0,"1":0,"2":0,"3":0,"4":0,"5":0,"6":0,"7":0,"8":0,"9":0,"10":0,"11":0,"12":0,"13":0,"14":0,"15":0,"16":0,"17":0,"18":0,"19":0,"20":0,"21":0,"22":0,"23":0,"24":0,"25":0,"26":0,"27":0,"28":0,"29":0,"30":0,"31":0,"32":0,"33":0,"34":0,"35":0,"36":0,"37":0,"38":0,"39":0,"40":0,"41":0,"42":0,"43":0,"44":0,"45":0,"46":0,"47":0,"48":0,"49":0,"50":0,"51":0,"52":0,"53":0,"54":0,"55":0,"56":0,"57":0,"58":0,"59":0,"60":0,"61":0,"62":0,"63":0,"64":0,"65":0,"66":0,"67":0,"68":0,"69":0,"70":0,"71":0,"72":0,"73":0,"74":0,"75":0,"76":0,"77":0,"78":0,"79":0,"80":0,"81":0,"82":0,"83":0},"f":{"0":0,"1":0,"2":0,"3":0,"4":0,"5":0,"6":0,"7":0,"8":0,"9":0,"10":0,"11":0,"12":0,"13":0},"b":{"0":[0],"1":[0],"2":[0],"3":[0],"4":[0],"5":[0],"6":[0],"7":[0],"8":[0],"9":[0,0],"10":[0],"11":[0],"12":[0],"13":[0,0],"14":[0],"15":[0],"16":[0],"17":[0],"18":[0,0],"19":[0,0],"20":[0,0]}}
,"/project/sandbox/user-workspace/blackboxai-1742671172553/eduapp/backend/src/middleware/auth.ts": {"path":"/project/sandbox/user-workspace/blackboxai-1742671172553/eduapp/backend/src/middleware/auth.ts","statementMap":{"0":{"start":{"line":3,"column":0},"end":{"line":3,"column":38}},"1":{"start":{"line":6,"column":20},"end":{"line":27,"column":1}},"2":{"start":{"line":7,"column":2},"end":{"line":26,"column":3}},"3":{"start":{"line":9,"column":4},"end":{"line":19,"column":5}},"4":{"start":{"line":10,"column":6},"end":{"line":18,"column":8}},"5":{"start":{"line":22,"column":4},"end":{"line":22,"column":16}},"6":{"start":{"line":24,"column":4},"end":{"line":24,"column":54}},"7":{"start":{"line":25,"column":4},"end":{"line":25,"column":16}},"8":{"start":{"line":29,"column":28},"end":{"line":51,"column":1}},"9":{"start":{"line":30,"column":2},"end":{"line":50,"column":3}},"10":{"start":{"line":31,"column":23},"end":{"line":31,"column":48}},"11":{"start":{"line":32,"column":4},"end":{"line":34,"column":5}},"12":{"start":{"line":33,"column":6},"end":{"line":33,"column":20}},"13":{"start":{"line":36,"column":18},"end":{"line":36,"column":42}},"14":{"start":{"line":37,"column":4},"end":{"line":39,"column":5}},"15":{"start":{"line":38,"column":6},"end":{"line":38,"column":20}},"16":{"start":{"line":41,"column":17},"end":{"line":41,"column":41}},"17":{"start":{"line":42,"column":4},"end":{"line":44,"column":5}},"18":{"start":{"line":43,"column":7},"end":{"line":43,"column":31}},"19":{"start":{"line":46,"column":4},"end":{"line":46,"column":11}},"20":{"start":{"line":48,"column":4},"end":{"line":48,"column":49}},"21":{"start":{"line":49,"column":4},"end":{"line":49,"column":11}},"22":{"start":{"line":29,"column":13},"end":{"line":29,"column":28}},"23":{"start":{"line":53,"column":27},"end":{"line":63,"column":1}},"24":{"start":{"line":54,"column":2},"end":{"line":62,"column":3}},"25":{"start":{"line":55,"column":4},"end":{"line":57,"column":5}},"26":{"start":{"line":56,"column":6},"end":{"line":56,"column":72}},"27":{"start":{"line":58,"column":4},"end":{"line":58,"column":11}},"28":{"start":{"line":60,"column":4},"end":{"line":60,"column":48}},"29":{"start":{"line":61,"column":4},"end":{"line":61,"column":61}},"30":{"start":{"line":53,"column":13},"end":{"line":53,"column":27}},"31":{"start":{"line":65,"column":27},"end":{"line":83,"column":1}},"32":{"start":{"line":66,"column":2},"end":{"line":82,"column":4}},"33":{"start":{"line":67,"column":4},"end":{"line":81,"column":5}},"34":{"start":{"line":68,"column":20},"end":{"line":68,"column":44}},"35":{"start":{"line":69,"column":6},"end":{"line":71,"column":7}},"36":{"start":{"line":70,"column":8},"end":{"line":70,"column":74}},"37":{"start":{"line":73,"column":6},"end":{"line":75,"column":7}},"38":{"start":{"line":74,"column":8},"end":{"line":74,"column":75}},"39":{"start":{"line":77,"column":6},"end":{"line":77,"column":13}},"40":{"start":{"line":79,"column":6},"end":{"line":79,"column":54}},"41":{"start":{"line":80,"column":6},"end":{"line":80,"column":63}},"42":{"start":{"line":65,"column":13},"end":{"line":65,"column":27}},"43":{"start":{"line":85,"column":23},"end":{"line":87,"column":1}},"44":{"start":{"line":86,"column":2},"end":{"line":86,"column":35}},"45":{"start":{"line":85,"column":13},"end":{"line":85,"column":23}},"46":{"start":{"line":89,"column":0},"end":{"line":94,"column":2}}},"fnMap":{"0":{"name":"(anonymous_1)","decl":{"start":{"line":6,"column":20},"end":{"line":6,"column":25}},"loc":{"start":{"line":6,"column":66},"end":{"line":27,"column":1}}},"1":{"name":"(anonymous_2)","decl":{"start":{"line":29,"column":28},"end":{"line":29,"column":33}},"loc":{"start":{"line":29,"column":86},"end":{"line":51,"column":1}}},"2":{"name":"(anonymous_3)","decl":{"start":{"line":53,"column":27},"end":{"line":53,"column":32}},"loc":{"start":{"line":53,"column":85},"end":{"line":63,"column":1}}},"3":{"name":"(anonymous_4)","decl":{"start":{"line":65,"column":27},"end":{"line":65,"column":28}},"loc":{"start":{"line":65,"column":49},"end":{"line":83,"column":1}}},"4":{"name":"(anonymous_5)","decl":{"start":{"line":66,"column":9},"end":{"line":66,"column":14}},"loc":{"start":{"line":66,"column":67},"end":{"line":82,"column":3}}},"5":{"name":"(anonymous_6)","decl":{"start":{"line":85,"column":23},"end":{"line":85,"column":24}},"loc":{"start":{"line":85,"column":53},"end":{"line":87,"column":1}}}},"branchMap":{"0":{"loc":{"start":{"line":9,"column":4},"end":{"line":19,"column":5}},"type":"if","locations":[{"start":{"line":9,"column":4},"end":{"line":19,"column":5}}]},"1":{"loc":{"start":{"line":32,"column":4},"end":{"line":34,"column":5}},"type":"if","locations":[{"start":{"line":32,"column":4},"end":{"line":34,"column":5}}]},"2":{"loc":{"start":{"line":37,"column":4},"end":{"line":39,"column":5}},"type":"if","locations":[{"start":{"line":37,"column":4},"end":{"line":39,"column":5}}]},"3":{"loc":{"start":{"line":42,"column":4},"end":{"line":44,"column":5}},"type":"if","locations":[{"start":{"line":42,"column":4},"end":{"line":44,"column":5}}]},"4":{"loc":{"start":{"line":55,"column":4},"end":{"line":57,"column":5}},"type":"if","locations":[{"start":{"line":55,"column":4},"end":{"line":57,"column":5}}]},"5":{"loc":{"start":{"line":69,"column":6},"end":{"line":71,"column":7}},"type":"if","locations":[{"start":{"line":69,"column":6},"end":{"line":71,"column":7}}]},"6":{"loc":{"start":{"line":73,"column":6},"end":{"line":75,"column":7}},"type":"if","locations":[{"start":{"line":73,"column":6},"end":{"line":75,"column":7}}]},"7":{"loc":{"start":{"line":86,"column":10},"end":{"line":86,"column":34}},"type":"binary-expr","locations":[{"start":{"line":86,"column":10},"end":{"line":86,"column":26}},{"start":{"line":86,"column":30},"end":{"line":86,"column":34}}]}},"s":{"0":0,"1":0,"2":0,"3":0,"4":0,"5":0,"6":0,"7":0,"8":0,"9":0,"10":0,"11":0,"12":0,"13":0,"14":0,"15":0,"16":0,"17":0,"18":0,"19":0,"20":0,"21":0,"22":0,"23":0,"24":0,"25":0,"26":0,"27":0,"28":0,"29":0,"30":0,"31":0,"32":0,"33":0,"34":0,"35":0,"36":0,"37":0,"38":0,"39":0,"40":0,"41":0,"42":0,"43":0,"44":0,"45":0,"46":0},"f":{"0":0,"1":0,"2":0,"3":0,"4":0,"5":0},"b":{"0":[0],"1":[0],"2":[0],"3":[0],"4":[0],"5":[0],"6":[0],"7":[0,0]}}
,"/project/sandbox/user-workspace/blackboxai-1742671172553/eduapp/backend/src/services/classroom.service.ts": {"path":"/project/sandbox/user-workspace/blackboxai-1742671172553/eduapp/backend/src/services/classroom.service.ts","statementMap":{"0":{"start":{"line":2,"column":0},"end":{"line":2,"column":41}},"1":{"start":{"line":3,"column":0},"end":{"line":3,"column":38}},"2":{"start":{"line":9,"column":4},"end":{"line":29,"column":5}},"3":{"start":{"line":10,"column":18},"end":{"line":10,"column":42}},"4":{"start":{"line":11,"column":24},"end":{"line":19,"column":8}},"5":{"start":{"line":21,"column":21},"end":{"line":21,"column":60}},"6":{"start":{"line":22,"column":6},"end":{"line":25,"column":21}},"7":{"start":{"line":27,"column":6},"end":{"line":27,"column":55}},"8":{"start":{"line":28,"column":6},"end":{"line":28,"column":52}},"9":{"start":{"line":33,"column":4},"end":{"line":39,"column":5}},"10":{"start":{"line":34,"column":24},"end":{"line":34,"column":65}},"11":{"start":{"line":35,"column":6},"end":{"line":35,"column":23}},"12":{"start":{"line":37,"column":6},"end":{"line":37,"column":60}},"13":{"start":{"line":38,"column":6},"end":{"line":38,"column":49}},"14":{"start":{"line":43,"column":4},"end":{"line":58,"column":5}},"15":{"start":{"line":44,"column":19},"end":{"line":44,"column":37}},"16":{"start":{"line":45,"column":20},"end":{"line":52,"column":8}},"17":{"start":{"line":54,"column":6},"end":{"line":54,"column":58}},"18":{"start":{"line":56,"column":6},"end":{"line":56,"column":55}},"19":{"start":{"line":57,"column":6},"end":{"line":57,"column":51}},"20":{"start":{"line":62,"column":4},"end":{"line":71,"column":5}},"21":{"start":{"line":63,"column":22},"end":{"line":66,"column":8}},"22":{"start":{"line":67,"column":6},"end":{"line":67,"column":21}},"23":{"start":{"line":69,"column":6},"end":{"line":69,"column":61}},"24":{"start":{"line":70,"column":6},"end":{"line":70,"column":52}},"25":{"start":{"line":75,"column":4},"end":{"line":80,"column":5}},"26":{"start":{"line":76,"column":6},"end":{"line":76,"column":46}},"27":{"start":{"line":78,"column":6},"end":{"line":78,"column":61}},"28":{"start":{"line":79,"column":6},"end":{"line":79,"column":52}},"29":{"start":{"line":84,"column":4},"end":{"line":97,"column":5}},"30":{"start":{"line":85,"column":20},"end":{"line":91,"column":8}},"31":{"start":{"line":93,"column":6},"end":{"line":93,"column":58}},"32":{"start":{"line":95,"column":6},"end":{"line":95,"column":86}},"33":{"start":{"line":96,"column":6},"end":{"line":96,"column":64}},"34":{"start":{"line":101,"column":4},"end":{"line":114,"column":5}},"35":{"start":{"line":102,"column":20},"end":{"line":108,"column":8}},"36":{"start":{"line":110,"column":6},"end":{"line":110,"column":58}},"37":{"start":{"line":112,"column":6},"end":{"line":112,"column":74}},"38":{"start":{"line":113,"column":6},"end":{"line":113,"column":59}},"39":{"start":{"line":118,"column":4},"end":{"line":123,"column":5}},"40":{"start":{"line":119,"column":6},"end":{"line":119,"column":49}},"41":{"start":{"line":121,"column":6},"end":{"line":121,"column":74}},"42":{"start":{"line":122,"column":6},"end":{"line":122,"column":61}},"43":{"start":{"line":127,"column":4},"end":{"line":132,"column":5}},"44":{"start":{"line":128,"column":6},"end":{"line":128,"column":52}},"45":{"start":{"line":130,"column":6},"end":{"line":130,"column":77}},"46":{"start":{"line":131,"column":6},"end":{"line":131,"column":64}},"47":{"start":{"line":136,"column":4},"end":{"line":141,"column":5}},"48":{"start":{"line":137,"column":6},"end":{"line":137,"column":50}},"49":{"start":{"line":139,"column":6},"end":{"line":139,"column":76}},"50":{"start":{"line":140,"column":6},"end":{"line":140,"column":53}},"51":{"start":{"line":5,"column":0},"end":{"line":5,"column":13}},"52":{"start":{"line":6,"column":26},"end":{"line":6,"column":45}},"53":{"start":{"line":145,"column":0},"end":{"line":145,"column":32}}},"fnMap":{"0":{"name":"(anonymous_1)","decl":{"start":{"line":8,"column":2},"end":{"line":8,"column":8}},"loc":{"start":{"line":8,"column":49},"end":{"line":30,"column":3}}},"1":{"name":"(anonymous_2)","decl":{"start":{"line":32,"column":2},"end":{"line":32,"column":8}},"loc":{"start":{"line":32,"column":33},"end":{"line":40,"column":3}}},"2":{"name":"(anonymous_3)","decl":{"start":{"line":42,"column":2},"end":{"line":42,"column":8}},"loc":{"start":{"line":42,"column":56},"end":{"line":59,"column":3}}},"3":{"name":"(anonymous_4)","decl":{"start":{"line":61,"column":2},"end":{"line":61,"column":8}},"loc":{"start":{"line":61,"column":60},"end":{"line":72,"column":3}}},"4":{"name":"(anonymous_5)","decl":{"start":{"line":74,"column":2},"end":{"line":74,"column":8}},"loc":{"start":{"line":74,"column":32},"end":{"line":81,"column":3}}},"5":{"name":"(anonymous_6)","decl":{"start":{"line":83,"column":2},"end":{"line":83,"column":8}},"loc":{"start":{"line":83,"column":51},"end":{"line":98,"column":3}}},"6":{"name":"(anonymous_7)","decl":{"start":{"line":100,"column":2},"end":{"line":100,"column":8}},"loc":{"start":{"line":100,"column":39},"end":{"line":115,"column":3}}},"7":{"name":"(anonymous_8)","decl":{"start":{"line":117,"column":2},"end":{"line":117,"column":8}},"loc":{"start":{"line":117,"column":58},"end":{"line":124,"column":3}}},"8":{"name":"(anonymous_9)","decl":{"start":{"line":126,"column":2},"end":{"line":126,"column":8}},"loc":{"start":{"line":126,"column":64},"end":{"line":133,"column":3}}},"9":{"name":"(anonymous_10)","decl":{"start":{"line":135,"column":2},"end":{"line":135,"column":8}},"loc":{"start":{"line":135,"column":60},"end":{"line":142,"column":3}}}},"branchMap":{"0":{"loc":{"start":{"line":42,"column":20},"end":{"line":42,"column":36}},"type":"default-arg","locations":[{"start":{"line":42,"column":35},"end":{"line":42,"column":36}}]},"1":{"loc":{"start":{"line":42,"column":38},"end":{"line":42,"column":56}},"type":"default-arg","locations":[{"start":{"line":42,"column":54},"end":{"line":42,"column":56}}]}},"s":{"0":1,"1":1,"2":2,"3":2,"4":2,"5":2,"6":1,"7":1,"8":1,"9":3,"10":3,"11":2,"12":1,"13":1,"14":3,"15":3,"16":3,"17":3,"18":1,"19":1,"20":2,"21":2,"22":1,"23":1,"24":1,"25":2,"26":2,"27":1,"28":1,"29":0,"30":0,"31":0,"32":0,"33":0,"34":0,"35":0,"36":0,"37":0,"38":0,"39":0,"40":0,"41":0,"42":0,"43":0,"44":0,"45":0,"46":0,"47":0,"48":0,"49":0,"50":0,"51":1,"52":1,"53":1},"f":{"0":2,"1":3,"2":3,"3":2,"4":2,"5":0,"6":0,"7":0,"8":0,"9":0},"b":{"0":[2],"1":[2]}}
,"/project/sandbox/user-workspace/blackboxai-1742671172553/eduapp/backend/src/services/community.service.ts": {"path":"/project/sandbox/user-workspace/blackboxai-1742671172553/eduapp/backend/src/services/community.service.ts","statementMap":{"0":{"start":{"line":2,"column":0},"end":{"line":2,"column":45}},"1":{"start":{"line":3,"column":0},"end":{"line":3,"column":38}},"2":{"start":{"line":9,"column":4},"end":{"line":27,"column":5}},"3":{"start":{"line":10,"column":18},"end":{"line":10,"column":42}},"4":{"start":{"line":11,"column":24},"end":{"line":17,"column":8}},"5":{"start":{"line":19,"column":21},"end":{"line":19,"column":60}},"6":{"start":{"line":20,"column":6},"end":{"line":23,"column":21}},"7":{"start":{"line":25,"column":6},"end":{"line":25,"column":55}},"8":{"start":{"line":26,"column":6},"end":{"line":26,"column":52}},"9":{"start":{"line":31,"column":4},"end":{"line":37,"column":5}},"10":{"start":{"line":32,"column":24},"end":{"line":32,"column":65}},"11":{"start":{"line":33,"column":6},"end":{"line":33,"column":23}},"12":{"start":{"line":35,"column":6},"end":{"line":35,"column":60}},"13":{"start":{"line":36,"column":6},"end":{"line":36,"column":49}},"14":{"start":{"line":41,"column":4},"end":{"line":56,"column":5}},"15":{"start":{"line":42,"column":19},"end":{"line":42,"column":37}},"16":{"start":{"line":43,"column":20},"end":{"line":50,"column":8}},"17":{"start":{"line":52,"column":6},"end":{"line":52,"column":58}},"18":{"start":{"line":54,"column":6},"end":{"line":54,"column":56}},"19":{"start":{"line":55,"column":6},"end":{"line":55,"column":52}},"20":{"start":{"line":60,"column":4},"end":{"line":69,"column":5}},"21":{"start":{"line":61,"column":22},"end":{"line":64,"column":8}},"22":{"start":{"line":65,"column":6},"end":{"line":65,"column":21}},"23":{"start":{"line":67,"column":6},"end":{"line":67,"column":61}},"24":{"start":{"line":68,"column":6},"end":{"line":68,"column":52}},"25":{"start":{"line":73,"column":4},"end":{"line":78,"column":5}},"26":{"start":{"line":74,"column":6},"end":{"line":74,"column":46}},"27":{"start":{"line":76,"column":6},"end":{"line":76,"column":61}},"28":{"start":{"line":77,"column":6},"end":{"line":77,"column":52}},"29":{"start":{"line":82,"column":4},"end":{"line":95,"column":5}},"30":{"start":{"line":83,"column":20},"end":{"line":89,"column":8}},"31":{"start":{"line":91,"column":6},"end":{"line":91,"column":58}},"32":{"start":{"line":93,"column":6},"end":{"line":93,"column":75}},"33":{"start":{"line":94,"column":6},"end":{"line":94,"column":60}},"34":{"start":{"line":99,"column":4},"end":{"line":104,"column":5}},"35":{"start":{"line":100,"column":6},"end":{"line":100,"column":48}},"36":{"start":{"line":102,"column":6},"end":{"line":102,"column":79}},"37":{"start":{"line":103,"column":6},"end":{"line":103,"column":60}},"38":{"start":{"line":108,"column":4},"end":{"line":126,"column":5}},"39":{"start":{"line":109,"column":19},"end":{"line":109,"column":37}},"40":{"start":{"line":110,"column":26},"end":{"line":120,"column":8}},"41":{"start":{"line":122,"column":6},"end":{"line":122,"column":64}},"42":{"start":{"line":124,"column":6},"end":{"line":124,"column":80}},"43":{"start":{"line":125,"column":6},"end":{"line":125,"column":54}},"44":{"start":{"line":130,"column":4},"end":{"line":141,"column":5}},"45":{"start":{"line":131,"column":24},"end":{"line":131,"column":46}},"46":{"start":{"line":132,"column":6},"end":{"line":134,"column":7}},"47":{"start":{"line":133,"column":8},"end":{"line":133,"column":47}},"48":{"start":{"line":136,"column":28},"end":{"line":136,"column":70}},"49":{"start":{"line":137,"column":6},"end":{"line":137,"column":62}},"50":{"start":{"line":139,"column":6},"end":{"line":139,"column":68}},"51":{"start":{"line":140,"column":6},"end":{"line":140,"column":58}},"52":{"start":{"line":145,"column":4},"end":{"line":156,"column":5}},"53":{"start":{"line":146,"column":24},"end":{"line":146,"column":46}},"54":{"start":{"line":147,"column":6},"end":{"line":149,"column":7}},"55":{"start":{"line":148,"column":8},"end":{"line":148,"column":47}},"56":{"start":{"line":151,"column":28},"end":{"line":151,"column":69}},"57":{"start":{"line":151,"column":57},"end":{"line":151,"column":68}},"58":{"start":{"line":152,"column":6},"end":{"line":152,"column":62}},"59":{"start":{"line":154,"column":6},"end":{"line":154,"column":72}},"60":{"start":{"line":155,"column":6},"end":{"line":155,"column":63}},"61":{"start":{"line":5,"column":0},"end":{"line":5,"column":13}},"62":{"start":{"line":6,"column":26},"end":{"line":6,"column":45}},"63":{"start":{"line":160,"column":0},"end":{"line":160,"column":32}}},"fnMap":{"0":{"name":"(anonymous_1)","decl":{"start":{"line":8,"column":2},"end":{"line":8,"column":8}},"loc":{"start":{"line":8,"column":49},"end":{"line":28,"column":3}}},"1":{"name":"(anonymous_2)","decl":{"start":{"line":30,"column":2},"end":{"line":30,"column":8}},"loc":{"start":{"line":30,"column":33},"end":{"line":38,"column":3}}},"2":{"name":"(anonymous_3)","decl":{"start":{"line":40,"column":2},"end":{"line":40,"column":8}},"loc":{"start":{"line":40,"column":56},"end":{"line":57,"column":3}}},"3":{"name":"(anonymous_4)","decl":{"start":{"line":59,"column":2},"end":{"line":59,"column":8}},"loc":{"start":{"line":59,"column":60},"end":{"line":70,"column":3}}},"4":{"name":"(anonymous_5)","decl":{"start":{"line":72,"column":2},"end":{"line":72,"column":8}},"loc":{"start":{"line":72,"column":32},"end":{"line":79,"column":3}}},"5":{"name":"(anonymous_6)","decl":{"start":{"line":81,"column":2},"end":{"line":81,"column":8}},"loc":{"start":{"line":81,"column":39},"end":{"line":96,"column":3}}},"6":{"name":"(anonymous_7)","decl":{"start":{"line":98,"column":2},"end":{"line":98,"column":8}},"loc":{"start":{"line":98,"column":56},"end":{"line":105,"column":3}}},"7":{"name":"(anonymous_8)","decl":{"start":{"line":107,"column":2},"end":{"line":107,"column":8}},"loc":{"start":{"line":107,"column":79},"end":{"line":127,"column":3}}},"8":{"name":"(anonymous_9)","decl":{"start":{"line":129,"column":2},"end":{"line":129,"column":8}},"loc":{"start":{"line":129,"column":49},"end":{"line":142,"column":3}}},"9":{"name":"(anonymous_10)","decl":{"start":{"line":144,"column":2},"end":{"line":144,"column":8}},"loc":{"start":{"line":144,"column":52},"end":{"line":157,"column":3}}},"10":{"name":"(anonymous_11)","decl":{"start":{"line":151,"column":52},"end":{"line":151,"column":53}},"loc":{"start":{"line":151,"column":57},"end":{"line":151,"column":68}}}},"branchMap":{"0":{"loc":{"start":{"line":40,"column":20},"end":{"line":40,"column":36}},"type":"default-arg","locations":[{"start":{"line":40,"column":35},"end":{"line":40,"column":36}}]},"1":{"loc":{"start":{"line":40,"column":38},"end":{"line":40,"column":56}},"type":"default-arg","locations":[{"start":{"line":40,"column":54},"end":{"line":40,"column":56}}]},"2":{"loc":{"start":{"line":107,"column":43},"end":{"line":107,"column":59}},"type":"default-arg","locations":[{"start":{"line":107,"column":58},"end":{"line":107,"column":59}}]},"3":{"loc":{"start":{"line":107,"column":61},"end":{"line":107,"column":79}},"type":"default-arg","locations":[{"start":{"line":107,"column":77},"end":{"line":107,"column":79}}]},"4":{"loc":{"start":{"line":132,"column":6},"end":{"line":134,"column":7}},"type":"if","locations":[{"start":{"line":132,"column":6},"end":{"line":134,"column":7}}]},"5":{"loc":{"start":{"line":147,"column":6},"end":{"line":149,"column":7}},"type":"if","locations":[{"start":{"line":147,"column":6},"end":{"line":149,"column":7}}]}},"s":{"0":1,"1":1,"2":2,"3":2,"4":2,"5":2,"6":1,"7":1,"8":1,"9":3,"10":3,"11":2,"12":1,"13":1,"14":3,"15":3,"16":3,"17":3,"18":1,"19":1,"20":2,"21":2,"22":1,"23":1,"24":1,"25":2,"26":2,"27":1,"28":1,"29":2,"30":2,"31":2,"32":1,"33":1,"34":0,"35":0,"36":0,"37":0,"38":2,"39":2,"40":2,"41":2,"42":1,"43":1,"44":0,"45":0,"46":0,"47":0,"48":0,"49":0,"50":0,"51":0,"52":0,"53":0,"54":0,"55":0,"56":0,"57":0,"58":0,"59":0,"60":0,"61":1,"62":1,"63":1},"f":{"0":2,"1":3,"2":3,"3":2,"4":2,"5":2,"6":0,"7":2,"8":0,"9":0,"10":0},"b":{"0":[2],"1":[2],"2":[2],"3":[2],"4":[0],"5":[0]}}
,"/project/sandbox/user-workspace/blackboxai-1742671172553/eduapp/backend/src/services/database.ts": {"path":"/project/sandbox/user-workspace/blackboxai-1742671172553/eduapp/backend/src/services/database.ts","statementMap":{"0":{"start":{"line":1,"column":0},"end":{"line":1,"column":58}},"1":{"start":{"line":2,"column":0},"end":{"line":2,"column":38}},"2":{"start":{"line":3,"column":0},"end":{"line":3,"column":38}},"3":{"start":{"line":7,"column":16},"end":{"line":15,"column":2}},"4":{"start":{"line":18,"column":11},"end":{"line":18,"column":45}},"5":{"start":{"line":21,"column":13},"end":{"line":110,"column":2}},"6":{"start":{"line":24,"column":4},"end":{"line":34,"column":5}},"7":{"start":{"line":25,"column":23},"end":{"line":25,"column":50}},"8":{"start":{"line":26,"column":6},"end":{"line":30,"column":31}},"9":{"start":{"line":32,"column":6},"end":{"line":32,"column":54}},"10":{"start":{"line":33,"column":6},"end":{"line":33,"column":51}},"11":{"start":{"line":39,"column":4},"end":{"line":52,"column":5}},"12":{"start":{"line":40,"column":18},"end":{"line":40,"column":57}},"13":{"start":{"line":41,"column":6},"end":{"line":41,"column":28}},"14":{"start":{"line":41,"column":16},"end":{"line":41,"column":28}},"15":{"start":{"line":42,"column":6},"end":{"line":45,"column":13}},"16":{"start":{"line":47,"column":6},"end":{"line":49,"column":7}},"17":{"start":{"line":48,"column":8},"end":{"line":48,"column":20}},"18":{"start":{"line":50,"column":6},"end":{"line":50,"column":59}},"19":{"start":{"line":51,"column":6},"end":{"line":51,"column":49}},"20":{"start":{"line":57,"column":4},"end":{"line":68,"column":5}},"21":{"start":{"line":58,"column":23},"end":{"line":58,"column":39}},"22":{"start":{"line":59,"column":22},"end":{"line":59,"column":82}},"23":{"start":{"line":60,"column":23},"end":{"line":60,"column":47}},"24":{"start":{"line":61,"column":6},"end":{"line":64,"column":13}},"25":{"start":{"line":66,"column":6},"end":{"line":66,"column":60}},"26":{"start":{"line":67,"column":6},"end":{"line":67,"column":51}},"27":{"start":{"line":73,"column":4},"end":{"line":80,"column":5}},"28":{"start":{"line":74,"column":18},"end":{"line":74,"column":34}},"29":{"start":{"line":75,"column":6},"end":{"line":75,"column":46}},"30":{"start":{"line":76,"column":6},"end":{"line":76,"column":18}},"31":{"start":{"line":78,"column":6},"end":{"line":78,"column":60}},"32":{"start":{"line":79,"column":6},"end":{"line":79,"column":51}},"33":{"start":{"line":85,"column":4},"end":{"line":94,"column":5}},"34":{"start":{"line":86,"column":23},"end":{"line":86,"column":43}},"35":{"start":{"line":87,"column":6},"end":{"line":90,"column":17}},"36":{"start":{"line":87,"column":30},"end":{"line":90,"column":8}},"37":{"start":{"line":92,"column":6},"end":{"line":92,"column":54}},"38":{"start":{"line":93,"column":6},"end":{"line":93,"column":50}},"39":{"start":{"line":99,"column":4},"end":{"line":108,"column":5}},"40":{"start":{"line":100,"column":23},"end":{"line":100,"column":45}},"41":{"start":{"line":101,"column":6},"end":{"line":104,"column":17}},"42":{"start":{"line":101,"column":39},"end":{"line":104,"column":8}},"43":{"start":{"line":106,"column":6},"end":{"line":106,"column":54}},"44":{"start":{"line":107,"column":6},"end":{"line":107,"column":50}},"45":{"start":{"line":113,"column":19},"end":{"line":175,"column":2}},"46":{"start":{"line":178,"column":34},"end":{"line":209,"column":1}},"47":{"start":{"line":179,"column":2},"end":{"line":208,"column":3}},"48":{"start":{"line":181,"column":4},"end":{"line":188,"column":5}},"49":{"start":{"line":182,"column":6},"end":{"line":182,"column":53}},"50":{"start":{"line":183,"column":6},"end":{"line":183,"column":63}},"51":{"start":{"line":185,"column":6},"end":{"line":187,"column":7}},"52":{"start":{"line":186,"column":8},"end":{"line":186,"column":20}},"53":{"start":{"line":191,"column":4},"end":{"line":202,"column":5}},"54":{"start":{"line":192,"column":6},"end":{"line":201,"column":7}},"55":{"start":{"line":193,"column":25},"end":{"line":193,"column":47}},"56":{"start":{"line":194,"column":8},"end":{"line":194,"column":50}},"57":{"start":{"line":196,"column":8},"end":{"line":200,"column":9}},"58":{"start":{"line":197,"column":10},"end":{"line":197,"column":32}},"59":{"start":{"line":199,"column":10},"end":{"line":199,"column":22}},"60":{"start":{"line":204,"column":4},"end":{"line":204,"column":53}},"61":{"start":{"line":206,"column":4},"end":{"line":206,"column":56}},"62":{"start":{"line":207,"column":4},"end":{"line":207,"column":53}},"63":{"start":{"line":178,"column":13},"end":{"line":178,"column":34}},"64":{"start":{"line":211,"column":0},"end":{"line":211,"column":31}}},"fnMap":{"0":{"name":"(anonymous_1)","decl":{"start":{"line":23,"column":2},"end":{"line":23,"column":7}},"loc":{"start":{"line":23,"column":24},"end":{"line":35,"column":3}}},"1":{"name":"(anonymous_2)","decl":{"start":{"line":38,"column":2},"end":{"line":38,"column":7}},"loc":{"start":{"line":38,"column":26},"end":{"line":53,"column":3}}},"2":{"name":"(anonymous_3)","decl":{"start":{"line":56,"column":2},"end":{"line":56,"column":7}},"loc":{"start":{"line":56,"column":45},"end":{"line":69,"column":3}}},"3":{"name":"(anonymous_4)","decl":{"start":{"line":72,"column":2},"end":{"line":72,"column":7}},"loc":{"start":{"line":72,"column":25},"end":{"line":81,"column":3}}},"4":{"name":"(anonymous_5)","decl":{"start":{"line":84,"column":2},"end":{"line":84,"column":7}},"loc":{"start":{"line":84,"column":26},"end":{"line":95,"column":3}}},"5":{"name":"(anonymous_6)","decl":{"start":{"line":87,"column":22},"end":{"line":87,"column":25}},"loc":{"start":{"line":87,"column":30},"end":{"line":90,"column":8}}},"6":{"name":"(anonymous_7)","decl":{"start":{"line":98,"column":2},"end":{"line":98,"column":7}},"loc":{"start":{"line":98,"column":99},"end":{"line":109,"column":3}}},"7":{"name":"(anonymous_8)","decl":{"start":{"line":101,"column":31},"end":{"line":101,"column":34}},"loc":{"start":{"line":101,"column":39},"end":{"line":104,"column":8}}},"8":{"name":"(anonymous_9)","decl":{"start":{"line":178,"column":34},"end":{"line":178,"column":39}},"loc":{"start":{"line":178,"column":60},"end":{"line":209,"column":1}}}},"branchMap":{"0":{"loc":{"start":{"line":41,"column":6},"end":{"line":41,"column":28}},"type":"if","locations":[{"start":{"line":41,"column":6},"end":{"line":41,"column":28}}]},"1":{"loc":{"start":{"line":47,"column":6},"end":{"line":49,"column":7}},"type":"if","locations":[{"start":{"line":47,"column":6},"end":{"line":49,"column":7}}]},"2":{"loc":{"start":{"line":98,"column":16},"end":{"line":98,"column":99}},"type":"default-arg","locations":[{"start":{"line":98,"column":97},"end":{"line":98,"column":99}}]},"3":{"loc":{"start":{"line":185,"column":6},"end":{"line":187,"column":7}},"type":"if","locations":[{"start":{"line":185,"column":6},"end":{"line":187,"column":7}}]},"4":{"loc":{"start":{"line":196,"column":8},"end":{"line":200,"column":9}},"type":"if","locations":[{"start":{"line":196,"column":8},"end":{"line":200,"column":9}},{"start":{"line":198,"column":15},"end":{"line":200,"column":9}}]}},"s":{"0":3,"1":3,"2":3,"3":3,"4":3,"5":3,"6":0,"7":0,"8":0,"9":0,"10":0,"11":0,"12":0,"13":0,"14":0,"15":0,"16":0,"17":0,"18":0,"19":0,"20":0,"21":0,"22":0,"23":0,"24":0,"25":0,"26":0,"27":0,"28":0,"29":0,"30":0,"31":0,"32":0,"33":0,"34":0,"35":0,"36":0,"37":0,"38":0,"39":0,"40":0,"41":0,"42":0,"43":0,"44":0,"45":3,"46":3,"47":0,"48":0,"49":0,"50":0,"51":0,"52":0,"53":0,"54":0,"55":0,"56":0,"57":0,"58":0,"59":0,"60":0,"61":0,"62":0,"63":3,"64":3},"f":{"0":0,"1":0,"2":0,"3":0,"4":0,"5":0,"6":0,"7":0,"8":0},"b":{"0":[0],"1":[0],"2":[0],"3":[0],"4":[0,0]}}
,"/project/sandbox/user-workspace/blackboxai-1742671172553/eduapp/backend/src/services/post.service.ts": {"path":"/project/sandbox/user-workspace/blackboxai-1742671172553/eduapp/backend/src/services/post.service.ts","statementMap":{"0":{"start":{"line":2,"column":0},"end":{"line":2,"column":45}},"1":{"start":{"line":3,"column":0},"end":{"line":3,"column":38}},"2":{"start":{"line":9,"column":4},"end":{"line":28,"column":5}},"3":{"start":{"line":10,"column":18},"end":{"line":10,"column":42}},"4":{"start":{"line":11,"column":19},"end":{"line":18,"column":8}},"5":{"start":{"line":20,"column":21},"end":{"line":20,"column":55}},"6":{"start":{"line":21,"column":6},"end":{"line":24,"column":16}},"7":{"start":{"line":26,"column":6},"end":{"line":26,"column":50}},"8":{"start":{"line":27,"column":6},"end":{"line":27,"column":47}},"9":{"start":{"line":32,"column":4},"end":{"line":38,"column":5}},"10":{"start":{"line":33,"column":19},"end":{"line":33,"column":55}},"11":{"start":{"line":34,"column":6},"end":{"line":34,"column":18}},"12":{"start":{"line":36,"column":6},"end":{"line":36,"column":55}},"13":{"start":{"line":37,"column":6},"end":{"line":37,"column":44}},"14":{"start":{"line":42,"column":4},"end":{"line":58,"column":5}},"15":{"start":{"line":43,"column":39},"end":{"line":43,"column":46}},"16":{"start":{"line":44,"column":19},"end":{"line":44,"column":37}},"17":{"start":{"line":45,"column":20},"end":{"line":52,"column":8}},"18":{"start":{"line":54,"column":6},"end":{"line":54,"column":53}},"19":{"start":{"line":56,"column":6},"end":{"line":56,"column":50}},"20":{"start":{"line":57,"column":6},"end":{"line":57,"column":46}},"21":{"start":{"line":62,"column":4},"end":{"line":71,"column":5}},"22":{"start":{"line":63,"column":22},"end":{"line":66,"column":8}},"23":{"start":{"line":67,"column":6},"end":{"line":67,"column":21}},"24":{"start":{"line":69,"column":6},"end":{"line":69,"column":56}},"25":{"start":{"line":70,"column":6},"end":{"line":70,"column":47}},"26":{"start":{"line":75,"column":4},"end":{"line":80,"column":5}},"27":{"start":{"line":76,"column":6},"end":{"line":76,"column":46}},"28":{"start":{"line":78,"column":6},"end":{"line":78,"column":56}},"29":{"start":{"line":79,"column":6},"end":{"line":79,"column":47}},"30":{"start":{"line":84,"column":4},"end":{"line":101,"column":5}},"31":{"start":{"line":85,"column":39},"end":{"line":85,"column":46}},"32":{"start":{"line":86,"column":19},"end":{"line":86,"column":37}},"33":{"start":{"line":87,"column":20},"end":{"line":95,"column":8}},"34":{"start":{"line":97,"column":6},"end":{"line":97,"column":53}},"35":{"start":{"line":99,"column":6},"end":{"line":99,"column":65}},"36":{"start":{"line":100,"column":6},"end":{"line":100,"column":52}},"37":{"start":{"line":105,"column":4},"end":{"line":122,"column":5}},"38":{"start":{"line":106,"column":39},"end":{"line":106,"column":46}},"39":{"start":{"line":107,"column":19},"end":{"line":107,"column":37}},"40":{"start":{"line":108,"column":20},"end":{"line":116,"column":8}},"41":{"start":{"line":118,"column":6},"end":{"line":118,"column":53}},"42":{"start":{"line":120,"column":6},"end":{"line":120,"column":73}},"43":{"start":{"line":121,"column":6},"end":{"line":121,"column":55}},"44":{"start":{"line":126,"column":4},"end":{"line":138,"column":5}},"45":{"start":{"line":127,"column":19},"end":{"line":127,"column":41}},"46":{"start":{"line":128,"column":6},"end":{"line":130,"column":7}},"47":{"start":{"line":129,"column":8},"end":{"line":129,"column":42}},"48":{"start":{"line":132,"column":6},"end":{"line":134,"column":9}},"49":{"start":{"line":136,"column":6},"end":{"line":136,"column":54}},"50":{"start":{"line":137,"column":6},"end":{"line":137,"column":45}},"51":{"start":{"line":142,"column":4},"end":{"line":154,"column":5}},"52":{"start":{"line":143,"column":19},"end":{"line":143,"column":41}},"53":{"start":{"line":144,"column":6},"end":{"line":146,"column":7}},"54":{"start":{"line":145,"column":8},"end":{"line":145,"column":42}},"55":{"start":{"line":148,"column":6},"end":{"line":150,"column":9}},"56":{"start":{"line":152,"column":6},"end":{"line":152,"column":56}},"57":{"start":{"line":153,"column":6},"end":{"line":153,"column":47}},"58":{"start":{"line":158,"column":4},"end":{"line":179,"column":5}},"59":{"start":{"line":159,"column":39},"end":{"line":159,"column":46}},"60":{"start":{"line":160,"column":19},"end":{"line":160,"column":37}},"61":{"start":{"line":161,"column":26},"end":{"line":173,"column":8}},"62":{"start":{"line":175,"column":6},"end":{"line":175,"column":59}},"63":{"start":{"line":177,"column":6},"end":{"line":177,"column":74}},"64":{"start":{"line":178,"column":6},"end":{"line":178,"column":48}},"65":{"start":{"line":5,"column":0},"end":{"line":5,"column":13}},"66":{"start":{"line":6,"column":26},"end":{"line":6,"column":40}},"67":{"start":{"line":183,"column":0},"end":{"line":183,"column":27}}},"fnMap":{"0":{"name":"(anonymous_1)","decl":{"start":{"line":8,"column":2},"end":{"line":8,"column":8}},"loc":{"start":{"line":8,"column":44},"end":{"line":29,"column":3}}},"1":{"name":"(anonymous_2)","decl":{"start":{"line":31,"column":2},"end":{"line":31,"column":8}},"loc":{"start":{"line":31,"column":33},"end":{"line":39,"column":3}}},"2":{"name":"(anonymous_3)","decl":{"start":{"line":41,"column":2},"end":{"line":41,"column":8}},"loc":{"start":{"line":41,"column":46},"end":{"line":59,"column":3}}},"3":{"name":"(anonymous_4)","decl":{"start":{"line":61,"column":2},"end":{"line":61,"column":8}},"loc":{"start":{"line":61,"column":55},"end":{"line":72,"column":3}}},"4":{"name":"(anonymous_5)","decl":{"start":{"line":74,"column":2},"end":{"line":74,"column":8}},"loc":{"start":{"line":74,"column":32},"end":{"line":81,"column":3}}},"5":{"name":"(anonymous_6)","decl":{"start":{"line":83,"column":2},"end":{"line":83,"column":8}},"loc":{"start":{"line":83,"column":63},"end":{"line":102,"column":3}}},"6":{"name":"(anonymous_7)","decl":{"start":{"line":104,"column":2},"end":{"line":104,"column":8}},"loc":{"start":{"line":104,"column":71},"end":{"line":123,"column":3}}},"7":{"name":"(anonymous_8)","decl":{"start":{"line":125,"column":2},"end":{"line":125,"column":8}},"loc":{"start":{"line":125,"column":30},"end":{"line":139,"column":3}}},"8":{"name":"(anonymous_9)","decl":{"start":{"line":141,"column":2},"end":{"line":141,"column":8}},"loc":{"start":{"line":141,"column":32},"end":{"line":155,"column":3}}},"9":{"name":"(anonymous_10)","decl":{"start":{"line":157,"column":2},"end":{"line":157,"column":8}},"loc":{"start":{"line":157,"column":63},"end":{"line":180,"column":3}}}},"branchMap":{"0":{"loc":{"start":{"line":41,"column":20},"end":{"line":41,"column":46}},"type":"default-arg","locations":[{"start":{"line":41,"column":44},"end":{"line":41,"column":46}}]},"1":{"loc":{"start":{"line":43,"column":14},"end":{"line":43,"column":22}},"type":"default-arg","locations":[{"start":{"line":43,"column":21},"end":{"line":43,"column":22}}]},"2":{"loc":{"start":{"line":43,"column":24},"end":{"line":43,"column":34}},"type":"default-arg","locations":[{"start":{"line":43,"column":32},"end":{"line":43,"column":34}}]},"3":{"loc":{"start":{"line":83,"column":37},"end":{"line":83,"column":63}},"type":"default-arg","locations":[{"start":{"line":83,"column":61},"end":{"line":83,"column":63}}]},"4":{"loc":{"start":{"line":85,"column":14},"end":{"line":85,"column":22}},"type":"default-arg","locations":[{"start":{"line":85,"column":21},"end":{"line":85,"column":22}}]},"5":{"loc":{"start":{"line":85,"column":24},"end":{"line":85,"column":34}},"type":"default-arg","locations":[{"start":{"line":85,"column":32},"end":{"line":85,"column":34}}]},"6":{"loc":{"start":{"line":104,"column":45},"end":{"line":104,"column":71}},"type":"default-arg","locations":[{"start":{"line":104,"column":69},"end":{"line":104,"column":71}}]},"7":{"loc":{"start":{"line":106,"column":14},"end":{"line":106,"column":22}},"type":"default-arg","locations":[{"start":{"line":106,"column":21},"end":{"line":106,"column":22}}]},"8":{"loc":{"start":{"line":106,"column":24},"end":{"line":106,"column":34}},"type":"default-arg","locations":[{"start":{"line":106,"column":32},"end":{"line":106,"column":34}}]},"9":{"loc":{"start":{"line":128,"column":6},"end":{"line":130,"column":7}},"type":"if","locations":[{"start":{"line":128,"column":6},"end":{"line":130,"column":7}}]},"10":{"loc":{"start":{"line":133,"column":16},"end":{"line":133,"column":31}},"type":"binary-expr","locations":[{"start":{"line":133,"column":16},"end":{"line":133,"column":26}},{"start":{"line":133,"column":30},"end":{"line":133,"column":31}}]},"11":{"loc":{"start":{"line":144,"column":6},"end":{"line":146,"column":7}},"type":"if","locations":[{"start":{"line":144,"column":6},"end":{"line":146,"column":7}}]},"12":{"loc":{"start":{"line":149,"column":28},"end":{"line":149,"column":43}},"type":"binary-expr","locations":[{"start":{"line":149,"column":28},"end":{"line":149,"column":38}},{"start":{"line":149,"column":42},"end":{"line":149,"column":43}}]},"13":{"loc":{"start":{"line":157,"column":37},"end":{"line":157,"column":63}},"type":"default-arg","locations":[{"start":{"line":157,"column":61},"end":{"line":157,"column":63}}]},"14":{"loc":{"start":{"line":159,"column":14},"end":{"line":159,"column":22}},"type":"default-arg","locations":[{"start":{"line":159,"column":21},"end":{"line":159,"column":22}}]},"15":{"loc":{"start":{"line":159,"column":24},"end":{"line":159,"column":34}},"type":"default-arg","locations":[{"start":{"line":159,"column":32},"end":{"line":159,"column":34}}]}},"s":{"0":1,"1":1,"2":2,"3":2,"4":2,"5":2,"6":1,"7":1,"8":1,"9":6,"10":6,"11":5,"12":1,"13":1,"14":3,"15":3,"16":3,"17":3,"18":3,"19":1,"20":1,"21":5,"22":5,"23":4,"24":1,"25":1,"26":0,"27":0,"28":0,"29":0,"30":0,"31":0,"32":0,"33":0,"34":0,"35":0,"36":0,"37":0,"38":0,"39":0,"40":0,"41":0,"42":0,"43":0,"44":1,"45":1,"46":1,"47":0,"48":1,"49":0,"50":0,"51":2,"52":2,"53":2,"54":0,"55":2,"56":0,"57":0,"58":2,"59":2,"60":2,"61":2,"62":2,"63":1,"64":1,"65":1,"66":1,"67":1},"f":{"0":2,"1":6,"2":3,"3":5,"4":0,"5":0,"6":0,"7":1,"8":2,"9":2},"b":{"0":[2],"1":[2],"2":[2],"3":[0],"4":[0],"5":[0],"6":[0],"7":[0],"8":[0],"9":[0],"10":[1,1],"11":[0],"12":[2,1],"13":[2],"14":[2],"15":[2]}}
,"/project/sandbox/user-workspace/blackboxai-1742671172553/eduapp/backend/src/test/helpers.ts": {"path":"/project/sandbox/user-workspace/blackboxai-1742671172553/eduapp/backend/src/test/helpers.ts","statementMap":{"0":{"start":{"line":3,"column":30},"end":{"line":12,"column":2}},"1":{"start":{"line":3,"column":72},"end":{"line":12,"column":2}},"2":{"start":{"line":3,"column":13},"end":{"line":3,"column":30}},"3":{"start":{"line":14,"column":35},"end":{"line":27,"column":2}},"4":{"start":{"line":14,"column":87},"end":{"line":27,"column":2}},"5":{"start":{"line":14,"column":13},"end":{"line":14,"column":35}},"6":{"start":{"line":29,"column":35},"end":{"line":39,"column":2}},"7":{"start":{"line":29,"column":87},"end":{"line":39,"column":2}},"8":{"start":{"line":29,"column":13},"end":{"line":29,"column":35}},"9":{"start":{"line":41,"column":30},"end":{"line":53,"column":2}},"10":{"start":{"line":41,"column":72},"end":{"line":53,"column":2}},"11":{"start":{"line":41,"column":13},"end":{"line":41,"column":30}},"12":{"start":{"line":55,"column":36},"end":{"line":59,"column":2}},"13":{"start":{"line":55,"column":76},"end":{"line":59,"column":2}},"14":{"start":{"line":55,"column":13},"end":{"line":55,"column":36}},"15":{"start":{"line":61,"column":25},"end":{"line":61,"column":83}},"16":{"start":{"line":61,"column":65},"end":{"line":61,"column":83}},"17":{"start":{"line":61,"column":13},"end":{"line":61,"column":25}},"18":{"start":{"line":64,"column":32},"end":{"line":66,"column":2}},"19":{"start":{"line":64,"column":49},"end":{"line":66,"column":2}},"20":{"start":{"line":65,"column":18},"end":{"line":65,"column":20}},"21":{"start":{"line":64,"column":13},"end":{"line":64,"column":32}},"22":{"start":{"line":69,"column":24},"end":{"line":69,"column":66}},"23":{"start":{"line":69,"column":51},"end":{"line":69,"column":65}},"24":{"start":{"line":69,"column":13},"end":{"line":69,"column":24}}},"fnMap":{"0":{"name":"(anonymous_0)","decl":{"start":{"line":3,"column":30},"end":{"line":3,"column":31}},"loc":{"start":{"line":3,"column":72},"end":{"line":12,"column":2}}},"1":{"name":"(anonymous_1)","decl":{"start":{"line":14,"column":35},"end":{"line":14,"column":36}},"loc":{"start":{"line":14,"column":87},"end":{"line":27,"column":2}}},"2":{"name":"(anonymous_2)","decl":{"start":{"line":29,"column":35},"end":{"line":29,"column":36}},"loc":{"start":{"line":29,"column":87},"end":{"line":39,"column":2}}},"3":{"name":"(anonymous_3)","decl":{"start":{"line":41,"column":30},"end":{"line":41,"column":31}},"loc":{"start":{"line":41,"column":72},"end":{"line":53,"column":2}}},"4":{"name":"(anonymous_4)","decl":{"start":{"line":55,"column":36},"end":{"line":55,"column":63}},"loc":{"start":{"line":55,"column":76},"end":{"line":59,"column":2}}},"5":{"name":"(anonymous_5)","decl":{"start":{"line":61,"column":25},"end":{"line":61,"column":26}},"loc":{"start":{"line":61,"column":65},"end":{"line":61,"column":83}}},"6":{"name":"(anonymous_6)","decl":{"start":{"line":64,"column":32},"end":{"line":64,"column":33}},"loc":{"start":{"line":64,"column":49},"end":{"line":66,"column":2}}},"7":{"name":"(anonymous_7)","decl":{"start":{"line":65,"column":12},"end":{"line":65,"column":15}},"loc":{"start":{"line":65,"column":18},"end":{"line":65,"column":20}}},"8":{"name":"(anonymous_8)","decl":{"start":{"line":69,"column":24},"end":{"line":69,"column":25}},"loc":{"start":{"line":69,"column":51},"end":{"line":69,"column":65}}}},"branchMap":{"0":{"loc":{"start":{"line":3,"column":31},"end":{"line":3,"column":60}},"type":"default-arg","locations":[{"start":{"line":3,"column":58},"end":{"line":3,"column":60}}]},"1":{"loc":{"start":{"line":14,"column":36},"end":{"line":14,"column":70}},"type":"default-arg","locations":[{"start":{"line":14,"column":68},"end":{"line":14,"column":70}}]},"2":{"loc":{"start":{"line":29,"column":36},"end":{"line":29,"column":70}},"type":"default-arg","locations":[{"start":{"line":29,"column":68},"end":{"line":29,"column":70}}]},"3":{"loc":{"start":{"line":41,"column":31},"end":{"line":41,"column":60}},"type":"default-arg","locations":[{"start":{"line":41,"column":58},"end":{"line":41,"column":60}}]},"4":{"loc":{"start":{"line":61,"column":26},"end":{"line":61,"column":60}},"type":"default-arg","locations":[{"start":{"line":61,"column":44},"end":{"line":61,"column":60}}]}},"s":{"0":3,"1":4,"2":3,"3":3,"4":1,"5":3,"6":3,"7":1,"8":3,"9":3,"10":1,"11":3,"12":3,"13":1,"14":3,"15":3,"16":0,"17":3,"18":3,"19":0,"20":0,"21":3,"22":3,"23":0,"24":3},"f":{"0":4,"1":1,"2":1,"3":1,"4":1,"5":0,"6":0,"7":0,"8":0},"b":{"0":[1],"1":[0],"2":[0],"3":[0],"4":[0]}}
}
