TN:
SF:src/config/config.ts
FNF:0
FNH:0
DA:1,3
DA:2,3
DA:5,3
DA:7,3
DA:21,3
LF:5
LH:5
BRDA:8,0,0,3
BRDA:8,0,1,0
BRDA:10,1,0,3
BRDA:10,1,1,0
BRDA:11,2,0,3
BRDA:11,2,1,0
BRDA:12,3,0,3
BRDA:12,3,1,0
BRDA:13,4,0,3
BRDA:13,4,1,0
BRDA:16,5,0,3
BRDA:16,5,1,0
BRF:12
BRH:6
end_of_record
TN:
SF:src/config/logger.ts
FNF:0
FNH:0
DA:1,0
DA:2,0
DA:5,0
DA:7,0
DA:31,0
DA:32,0
DA:40,0
LF:7
LH:0
BRDA:31,0,0,0
BRF:1
BRH:0
end_of_record
TN:
SF:src/graphql/resolvers.ts
FN:7,(anonymous_1)
FN:17,(anonymous_2)
FN:28,(anonymous_3)
FN:38,(anonymous_4)
FN:49,(anonymous_5)
FN:59,(anonymous_6)
FN:69,(anonymous_7)
FN:82,(anonymous_8)
FN:92,(anonymous_9)
FN:102,(anonymous_10)
FN:113,(anonymous_11)
FN:123,(anonymous_12)
FN:133,(anonymous_13)
FN:144,(anonymous_14)
FN:154,(anonymous_15)
FN:164,(anonymous_16)
FNF:16
FNH:0
FNDA:0,(anonymous_1)
FNDA:0,(anonymous_2)
FNDA:0,(anonymous_3)
FNDA:0,(anonymous_4)
FNDA:0,(anonymous_5)
FNDA:0,(anonymous_6)
FNDA:0,(anonymous_7)
FNDA:0,(anonymous_8)
FNDA:0,(anonymous_9)
FNDA:0,(anonymous_10)
FNDA:0,(anonymous_11)
FNDA:0,(anonymous_12)
FNDA:0,(anonymous_13)
FNDA:0,(anonymous_14)
FNDA:0,(anonymous_15)
FNDA:0,(anonymous_16)
DA:2,0
DA:4,0
DA:8,0
DA:10,0
DA:12,0
DA:13,0
DA:18,0
DA:20,0
DA:22,0
DA:23,0
DA:29,0
DA:31,0
DA:33,0
DA:34,0
DA:39,0
DA:41,0
DA:43,0
DA:44,0
DA:50,0
DA:52,0
DA:54,0
DA:55,0
DA:60,0
DA:62,0
DA:64,0
DA:65,0
DA:70,0
DA:72,0
DA:74,0
DA:75,0
DA:83,0
DA:85,0
DA:87,0
DA:88,0
DA:93,0
DA:95,0
DA:97,0
DA:98,0
DA:103,0
DA:105,0
DA:107,0
DA:108,0
DA:114,0
DA:116,0
DA:118,0
DA:119,0
DA:124,0
DA:126,0
DA:128,0
DA:129,0
DA:134,0
DA:136,0
DA:138,0
DA:139,0
DA:145,0
DA:147,0
DA:149,0
DA:150,0
DA:155,0
DA:157,0
DA:159,0
DA:160,0
DA:165,0
DA:167,0
DA:169,0
DA:170,0
DA:176,0
LF:67
LH:0
BRDA:7,0,0,0
BRDA:7,1,0,0
BRDA:28,2,0,0
BRDA:28,3,0,0
BRDA:49,4,0,0
BRDA:49,5,0,0
BRDA:69,6,0,0
BRDA:69,7,0,0
BRF:8
BRH:0
end_of_record
TN:
SF:src/graphql/schema.ts
FNF:0
FNH:0
DA:1,0
DA:153,0
LF:2
LH:0
BRF:0
BRH:0
end_of_record
TN:
SF:src/graphql/resolvers/classroom.resolvers.ts
FN:7,(anonymous_1)
FN:19,(anonymous_2)
FN:31,(anonymous_3)
FN:45,(anonymous_4)
FN:63,(anonymous_5)
FN:82,(anonymous_6)
FN:101,(anonymous_7)
FN:123,(anonymous_8)
FN:124,(anonymous_9)
FN:125,(anonymous_10)
FN:126,(anonymous_11)
FN:127,(anonymous_12)
FN:128,(anonymous_13)
FNF:13
FNH:0
FNDA:0,(anonymous_1)
FNDA:0,(anonymous_2)
FNDA:0,(anonymous_3)
FNDA:0,(anonymous_4)
FNDA:0,(anonymous_5)
FNDA:0,(anonymous_6)
FNDA:0,(anonymous_7)
FNDA:0,(anonymous_8)
FNDA:0,(anonymous_9)
FNDA:0,(anonymous_10)
FNDA:0,(anonymous_11)
FNDA:0,(anonymous_12)
FNDA:0,(anonymous_13)
DA:2,0
DA:3,0
DA:5,0
DA:8,0
DA:9,0
DA:10,0
DA:12,0
DA:14,0
DA:15,0
DA:20,0
DA:21,0
DA:22,0
DA:24,0
DA:26,0
DA:27,0
DA:32,0
DA:33,0
DA:34,0
DA:36,0
DA:38,0
DA:39,0
DA:46,0
DA:47,0
DA:48,0
DA:50,0
DA:51,0
DA:53,0
DA:58,0
DA:59,0
DA:64,0
DA:65,0
DA:66,0
DA:68,0
DA:69,0
DA:70,0
DA:72,0
DA:73,0
DA:75,0
DA:77,0
DA:78,0
DA:83,0
DA:84,0
DA:85,0
DA:87,0
DA:88,0
DA:89,0
DA:91,0
DA:92,0
DA:94,0
DA:96,0
DA:97,0
DA:102,0
DA:103,0
DA:104,0
DA:106,0
DA:107,0
DA:108,0
DA:110,0
DA:111,0
DA:113,0
DA:115,0
DA:116,0
DA:123,0
DA:124,0
DA:125,0
DA:126,0
DA:127,0
DA:128,0
DA:132,0
LF:69
LH:0
BRDA:9,0,0,0
BRDA:21,1,0,0
BRDA:33,2,0,0
BRDA:47,3,0,0
BRDA:50,4,0,0
BRDA:50,5,0,0
BRDA:50,5,1,0
BRDA:65,6,0,0
BRDA:69,7,0,0
BRDA:72,8,0,0
BRDA:72,9,0,0
BRDA:72,9,1,0
BRDA:84,10,0,0
BRDA:88,11,0,0
BRDA:91,12,0,0
BRDA:91,13,0,0
BRDA:91,13,1,0
BRDA:103,14,0,0
BRDA:107,15,0,0
BRDA:110,16,0,0
BRDA:110,17,0,0
BRDA:110,17,1,0
BRDA:124,18,0,0
BRDA:124,18,1,0
BRDA:125,19,0,0
BRDA:125,19,1,0
BRDA:126,20,0,0
BRDA:126,20,1,0
BRDA:127,21,0,0
BRDA:127,21,1,0
BRDA:128,22,0,0
BRDA:128,22,1,0
BRF:32
BRH:0
end_of_record
TN:
SF:src/graphql/resolvers/community.resolvers.ts
FN:7,(anonymous_1)
FN:19,(anonymous_2)
FN:31,(anonymous_3)
FN:45,(anonymous_4)
FN:57,(anonymous_5)
FN:77,(anonymous_6)
FN:97,(anonymous_7)
FN:117,(anonymous_8)
FN:140,(anonymous_9)
FN:141,(anonymous_10)
FNF:10
FNH:0
FNDA:0,(anonymous_1)
FNDA:0,(anonymous_2)
FNDA:0,(anonymous_3)
FNDA:0,(anonymous_4)
FNDA:0,(anonymous_5)
FNDA:0,(anonymous_6)
FNDA:0,(anonymous_7)
FNDA:0,(anonymous_8)
FNDA:0,(anonymous_9)
FNDA:0,(anonymous_10)
DA:2,0
DA:3,0
DA:5,0
DA:8,0
DA:9,0
DA:10,0
DA:12,0
DA:14,0
DA:15,0
DA:20,0
DA:21,0
DA:22,0
DA:24,0
DA:26,0
DA:27,0
DA:32,0
DA:33,0
DA:34,0
DA:36,0
DA:38,0
DA:39,0
DA:46,0
DA:47,0
DA:48,0
DA:50,0
DA:52,0
DA:53,0
DA:58,0
DA:59,0
DA:60,0
DA:62,0
DA:63,0
DA:64,0
DA:67,0
DA:68,0
DA:70,0
DA:72,0
DA:73,0
DA:78,0
DA:79,0
DA:80,0
DA:82,0
DA:83,0
DA:84,0
DA:87,0
DA:88,0
DA:90,0
DA:92,0
DA:93,0
DA:98,0
DA:99,0
DA:100,0
DA:102,0
DA:103,0
DA:104,0
DA:107,0
DA:108,0
DA:110,0
DA:112,0
DA:113,0
DA:118,0
DA:119,0
DA:120,0
DA:122,0
DA:123,0
DA:124,0
DA:127,0
DA:128,0
DA:130,0
DA:132,0
DA:133,0
DA:140,0
DA:141,0
DA:145,0
LF:74
LH:0
BRDA:9,0,0,0
BRDA:21,1,0,0
BRDA:33,2,0,0
BRDA:47,3,0,0
BRDA:59,4,0,0
BRDA:63,5,0,0
BRDA:67,6,0,0
BRDA:79,7,0,0
BRDA:83,8,0,0
BRDA:87,9,0,0
BRDA:99,10,0,0
BRDA:103,11,0,0
BRDA:107,12,0,0
BRDA:119,13,0,0
BRDA:123,14,0,0
BRDA:127,15,0,0
BRDA:140,16,0,0
BRDA:140,16,1,0
BRDA:141,17,0,0
BRDA:141,17,1,0
BRF:20
BRH:0
end_of_record
TN:
SF:src/graphql/resolvers/index.ts
FN:23,(anonymous_0)
FN:26,(anonymous_1)
FN:29,(anonymous_2)
FNF:3
FNH:0
FNDA:0,(anonymous_0)
FNDA:0,(anonymous_1)
FNDA:0,(anonymous_2)
DA:1,0
DA:2,0
DA:3,0
DA:6,0
DA:24,0
DA:27,0
DA:30,0
DA:31,0
DA:33,0
DA:38,0
LF:10
LH:0
BRDA:24,0,0,0
BRDA:24,0,1,0
BRDA:30,1,0,0
BRF:3
BRH:0
end_of_record
TN:
SF:src/graphql/resolvers/post.resolvers.ts
FN:7,(anonymous_1)
FN:19,(anonymous_2)
FN:31,(anonymous_3)
FN:43,(anonymous_4)
FN:55,(anonymous_5)
FN:69,(anonymous_6)
FN:84,(anonymous_7)
FN:103,(anonymous_8)
FN:122,(anonymous_9)
FN:138,(anonymous_10)
FN:157,(anonymous_11)
FN:158,(anonymous_12)
FN:159,(anonymous_13)
FN:160,(anonymous_14)
FNF:14
FNH:0
FNDA:0,(anonymous_1)
FNDA:0,(anonymous_2)
FNDA:0,(anonymous_3)
FNDA:0,(anonymous_4)
FNDA:0,(anonymous_5)
FNDA:0,(anonymous_6)
FNDA:0,(anonymous_7)
FNDA:0,(anonymous_8)
FNDA:0,(anonymous_9)
FNDA:0,(anonymous_10)
FNDA:0,(anonymous_11)
FNDA:0,(anonymous_12)
FNDA:0,(anonymous_13)
FNDA:0,(anonymous_14)
DA:2,0
DA:3,0
DA:5,0
DA:8,0
DA:9,0
DA:10,0
DA:12,0
DA:14,0
DA:15,0
DA:20,0
DA:21,0
DA:22,0
DA:24,0
DA:26,0
DA:27,0
DA:32,0
DA:33,0
DA:34,0
DA:36,0
DA:38,0
DA:39,0
DA:44,0
DA:45,0
DA:46,0
DA:48,0
DA:50,0
DA:51,0
DA:56,0
DA:57,0
DA:58,0
DA:60,0
DA:62,0
DA:63,0
DA:70,0
DA:71,0
DA:72,0
DA:74,0
DA:79,0
DA:80,0
DA:85,0
DA:86,0
DA:87,0
DA:89,0
DA:90,0
DA:91,0
DA:93,0
DA:94,0
DA:96,0
DA:98,0
DA:99,0
DA:104,0
DA:105,0
DA:106,0
DA:108,0
DA:109,0
DA:110,0
DA:112,0
DA:113,0
DA:115,0
DA:117,0
DA:118,0
DA:123,0
DA:124,0
DA:125,0
DA:127,0
DA:128,0
DA:129,0
DA:131,0
DA:133,0
DA:134,0
DA:139,0
DA:140,0
DA:141,0
DA:143,0
DA:144,0
DA:145,0
DA:147,0
DA:149,0
DA:150,0
DA:157,0
DA:158,0
DA:159,0
DA:160,0
DA:164,0
LF:84
LH:0
BRDA:9,0,0,0
BRDA:21,1,0,0
BRDA:33,2,0,0
BRDA:45,3,0,0
BRDA:57,4,0,0
BRDA:71,5,0,0
BRDA:86,6,0,0
BRDA:90,7,0,0
BRDA:93,8,0,0
BRDA:93,9,0,0
BRDA:93,9,1,0
BRDA:105,10,0,0
BRDA:109,11,0,0
BRDA:112,12,0,0
BRDA:112,13,0,0
BRDA:112,13,1,0
BRDA:124,14,0,0
BRDA:128,15,0,0
BRDA:140,16,0,0
BRDA:144,17,0,0
BRDA:158,18,0,0
BRDA:158,18,1,0
BRDA:159,19,0,0
BRDA:159,19,1,0
BRDA:160,20,0,0
BRDA:160,20,1,0
BRF:26
BRH:0
end_of_record
TN:
SF:src/middleware/auth.ts
FN:6,(anonymous_1)
FN:29,(anonymous_2)
FN:53,(anonymous_3)
FN:65,(anonymous_4)
FN:66,(anonymous_5)
FN:85,(anonymous_6)
FNF:6
FNH:0
FNDA:0,(anonymous_1)
FNDA:0,(anonymous_2)
FNDA:0,(anonymous_3)
FNDA:0,(anonymous_4)
FNDA:0,(anonymous_5)
FNDA:0,(anonymous_6)
DA:3,0
DA:6,0
DA:7,0
DA:9,0
DA:10,0
DA:22,0
DA:24,0
DA:25,0
DA:29,0
DA:30,0
DA:31,0
DA:32,0
DA:33,0
DA:36,0
DA:37,0
DA:38,0
DA:41,0
DA:42,0
DA:43,0
DA:46,0
DA:48,0
DA:49,0
DA:53,0
DA:54,0
DA:55,0
DA:56,0
DA:58,0
DA:60,0
DA:61,0
DA:65,0
DA:66,0
DA:67,0
DA:68,0
DA:69,0
DA:70,0
DA:73,0
DA:74,0
DA:77,0
DA:79,0
DA:80,0
DA:85,0
DA:86,0
DA:89,0
LF:43
LH:0
BRDA:9,0,0,0
BRDA:32,1,0,0
BRDA:37,2,0,0
BRDA:42,3,0,0
BRDA:55,4,0,0
BRDA:69,5,0,0
BRDA:73,6,0,0
BRDA:86,7,0,0
BRDA:86,7,1,0
BRF:9
BRH:0
end_of_record
TN:
SF:src/services/classroom.service.ts
FN:8,(anonymous_1)
FN:32,(anonymous_2)
FN:42,(anonymous_3)
FN:61,(anonymous_4)
FN:74,(anonymous_5)
FN:83,(anonymous_6)
FN:100,(anonymous_7)
FN:117,(anonymous_8)
FN:126,(anonymous_9)
FN:135,(anonymous_10)
FNF:10
FNH:5
FNDA:2,(anonymous_1)
FNDA:3,(anonymous_2)
FNDA:3,(anonymous_3)
FNDA:2,(anonymous_4)
FNDA:2,(anonymous_5)
FNDA:0,(anonymous_6)
FNDA:0,(anonymous_7)
FNDA:0,(anonymous_8)
FNDA:0,(anonymous_9)
FNDA:0,(anonymous_10)
DA:2,1
DA:3,1
DA:5,1
DA:6,1
DA:9,2
DA:10,2
DA:11,2
DA:21,2
DA:22,1
DA:27,1
DA:28,1
DA:33,3
DA:34,3
DA:35,2
DA:37,1
DA:38,1
DA:43,3
DA:44,3
DA:45,3
DA:54,3
DA:56,1
DA:57,1
DA:62,2
DA:63,2
DA:67,1
DA:69,1
DA:70,1
DA:75,2
DA:76,2
DA:78,1
DA:79,1
DA:84,0
DA:85,0
DA:93,0
DA:95,0
DA:96,0
DA:101,0
DA:102,0
DA:110,0
DA:112,0
DA:113,0
DA:118,0
DA:119,0
DA:121,0
DA:122,0
DA:127,0
DA:128,0
DA:130,0
DA:131,0
DA:136,0
DA:137,0
DA:139,0
DA:140,0
DA:145,1
LF:54
LH:32
BRDA:42,0,0,2
BRDA:42,1,0,2
BRF:2
BRH:2
end_of_record
TN:
SF:src/services/community.service.ts
FN:8,(anonymous_1)
FN:30,(anonymous_2)
FN:40,(anonymous_3)
FN:59,(anonymous_4)
FN:72,(anonymous_5)
FN:81,(anonymous_6)
FN:98,(anonymous_7)
FN:107,(anonymous_8)
FN:129,(anonymous_9)
FN:144,(anonymous_10)
FN:151,(anonymous_11)
FNF:11
FNH:7
FNDA:2,(anonymous_1)
FNDA:3,(anonymous_2)
FNDA:3,(anonymous_3)
FNDA:2,(anonymous_4)
FNDA:2,(anonymous_5)
FNDA:2,(anonymous_6)
FNDA:0,(anonymous_7)
FNDA:2,(anonymous_8)
FNDA:0,(anonymous_9)
FNDA:0,(anonymous_10)
FNDA:0,(anonymous_11)
DA:2,1
DA:3,1
DA:5,1
DA:6,1
DA:9,2
DA:10,2
DA:11,2
DA:19,2
DA:20,1
DA:25,1
DA:26,1
DA:31,3
DA:32,3
DA:33,2
DA:35,1
DA:36,1
DA:41,3
DA:42,3
DA:43,3
DA:52,3
DA:54,1
DA:55,1
DA:60,2
DA:61,2
DA:65,1
DA:67,1
DA:68,1
DA:73,2
DA:74,2
DA:76,1
DA:77,1
DA:82,2
DA:83,2
DA:91,2
DA:93,1
DA:94,1
DA:99,0
DA:100,0
DA:102,0
DA:103,0
DA:108,2
DA:109,2
DA:110,2
DA:122,2
DA:124,1
DA:125,1
DA:130,0
DA:131,0
DA:132,0
DA:133,0
DA:136,0
DA:137,0
DA:139,0
DA:140,0
DA:145,0
DA:146,0
DA:147,0
DA:148,0
DA:151,0
DA:152,0
DA:154,0
DA:155,0
DA:160,1
LF:63
LH:43
BRDA:40,0,0,2
BRDA:40,1,0,2
BRDA:107,2,0,2
BRDA:107,3,0,2
BRDA:132,4,0,0
BRDA:147,5,0,0
BRF:6
BRH:4
end_of_record
TN:
SF:src/services/database.ts
FN:23,(anonymous_1)
FN:38,(anonymous_2)
FN:56,(anonymous_3)
FN:72,(anonymous_4)
FN:84,(anonymous_5)
FN:87,(anonymous_6)
FN:98,(anonymous_7)
FN:101,(anonymous_8)
FN:178,(anonymous_9)
FNF:9
FNH:0
FNDA:0,(anonymous_1)
FNDA:0,(anonymous_2)
FNDA:0,(anonymous_3)
FNDA:0,(anonymous_4)
FNDA:0,(anonymous_5)
FNDA:0,(anonymous_6)
FNDA:0,(anonymous_7)
FNDA:0,(anonymous_8)
FNDA:0,(anonymous_9)
DA:1,3
DA:2,3
DA:3,3
DA:7,3
DA:18,3
DA:21,3
DA:24,0
DA:25,0
DA:26,0
DA:32,0
DA:33,0
DA:39,0
DA:40,0
DA:41,0
DA:42,0
DA:47,0
DA:48,0
DA:50,0
DA:51,0
DA:57,0
DA:58,0
DA:59,0
DA:60,0
DA:61,0
DA:66,0
DA:67,0
DA:73,0
DA:74,0
DA:75,0
DA:76,0
DA:78,0
DA:79,0
DA:85,0
DA:86,0
DA:87,0
DA:92,0
DA:93,0
DA:99,0
DA:100,0
DA:101,0
DA:106,0
DA:107,0
DA:113,3
DA:178,3
DA:179,0
DA:181,0
DA:182,0
DA:183,0
DA:185,0
DA:186,0
DA:191,0
DA:192,0
DA:193,0
DA:194,0
DA:196,0
DA:197,0
DA:199,0
DA:204,0
DA:206,0
DA:207,0
DA:211,3
LF:61
LH:9
BRDA:41,0,0,0
BRDA:47,1,0,0
BRDA:98,2,0,0
BRDA:185,3,0,0
BRDA:196,4,0,0
BRDA:196,4,1,0
BRF:6
BRH:0
end_of_record
TN:
SF:src/services/post.service.ts
FN:8,(anonymous_1)
FN:31,(anonymous_2)
FN:41,(anonymous_3)
FN:61,(anonymous_4)
FN:74,(anonymous_5)
FN:83,(anonymous_6)
FN:104,(anonymous_7)
FN:125,(anonymous_8)
FN:141,(anonymous_9)
FN:157,(anonymous_10)
FNF:10
FNH:7
FNDA:2,(anonymous_1)
FNDA:6,(anonymous_2)
FNDA:3,(anonymous_3)
FNDA:5,(anonymous_4)
FNDA:0,(anonymous_5)
FNDA:0,(anonymous_6)
FNDA:0,(anonymous_7)
FNDA:1,(anonymous_8)
FNDA:2,(anonymous_9)
FNDA:2,(anonymous_10)
DA:2,1
DA:3,1
DA:5,1
DA:6,1
DA:9,2
DA:10,2
DA:11,2
DA:20,2
DA:21,1
DA:26,1
DA:27,1
DA:32,6
DA:33,6
DA:34,5
DA:36,1
DA:37,1
DA:42,3
DA:43,3
DA:44,3
DA:45,3
DA:54,3
DA:56,1
DA:57,1
DA:62,5
DA:63,5
DA:67,4
DA:69,1
DA:70,1
DA:75,0
DA:76,0
DA:78,0
DA:79,0
DA:84,0
DA:85,0
DA:86,0
DA:87,0
DA:97,0
DA:99,0
DA:100,0
DA:105,0
DA:106,0
DA:107,0
DA:108,0
DA:118,0
DA:120,0
DA:121,0
DA:126,1
DA:127,1
DA:128,1
DA:129,0
DA:132,1
DA:136,0
DA:137,0
DA:142,2
DA:143,2
DA:144,2
DA:145,0
DA:148,2
DA:152,0
DA:153,0
DA:158,2
DA:159,2
DA:160,2
DA:161,2
DA:175,2
DA:177,1
DA:178,1
DA:183,1
LF:68
LH:44
BRDA:41,0,0,2
BRDA:43,1,0,2
BRDA:43,2,0,2
BRDA:83,3,0,0
BRDA:85,4,0,0
BRDA:85,5,0,0
BRDA:104,6,0,0
BRDA:106,7,0,0
BRDA:106,8,0,0
BRDA:128,9,0,0
BRDA:133,10,0,1
BRDA:133,10,1,1
BRDA:144,11,0,0
BRDA:149,12,0,2
BRDA:149,12,1,1
BRDA:157,13,0,2
BRDA:159,14,0,2
BRDA:159,15,0,2
BRF:18
BRH:10
end_of_record
TN:
SF:src/test/helpers.ts
FN:3,(anonymous_0)
FN:14,(anonymous_1)
FN:29,(anonymous_2)
FN:41,(anonymous_3)
FN:55,(anonymous_4)
FN:61,(anonymous_5)
FN:64,(anonymous_6)
FN:65,(anonymous_7)
FN:69,(anonymous_8)
FNF:9
FNH:5
FNDA:4,(anonymous_0)
FNDA:1,(anonymous_1)
FNDA:1,(anonymous_2)
FNDA:1,(anonymous_3)
FNDA:1,(anonymous_4)
FNDA:0,(anonymous_5)
FNDA:0,(anonymous_6)
FNDA:0,(anonymous_7)
FNDA:0,(anonymous_8)
DA:3,4
DA:14,3
DA:29,3
DA:41,3
DA:55,3
DA:61,3
DA:64,3
DA:65,0
DA:69,3
LF:9
LH:8
BRDA:3,0,0,1
BRDA:14,1,0,0
BRDA:29,2,0,0
BRDA:41,3,0,0
BRDA:61,4,0,0
BRF:5
BRH:1
end_of_record
